#
# There is insufficient memory for the Java Runtime Environment to continue.
# Native memory allocation (mmap) failed to map 536870912 bytes. Error detail: G1 virtual space
# Possible reasons:
#   The system is out of physical RAM or swap space
#   This process is running with CompressedOops enabled, and the Java Heap may be blocking the growth of the native heap
# Possible solutions:
#   Reduce memory load on the system
#   Increase physical memory or swap space
#   Check if swap backing store is full
#   Decrease Java heap size (-Xmx/-Xms)
#   Decrease number of Java threads
#   Decrease Java thread stack sizes (-Xss)
#   Set larger code cache with -XX:ReservedCodeCacheSize=
#   JVM is running with Zero Based Compressed Oops mode in which the Java heap is
#     placed in the first 32GB address space. The Java Heap base address is the
#     maximum limit for the native heap growth. Please use -XX:HeapBaseMinAddress
#     to set the Java Heap base and to place the Java Heap above 32GB virtual address.
# This output file may be truncated or incomplete.
#
#  Out of Memory Error (os_windows.cpp:3898), pid=13392, tid=1768
#
# JRE version:  (21.0.6) (build )
# Java VM: OpenJDK 64-Bit Server VM (21.0.6+-13368085-b895.109, mixed mode, sharing, tiered, compressed oops, compressed class ptrs, g1 gc, windows-amd64)
# No core dump will be written. Minidumps are not enabled by default on client versions of Windows
#

---------------  S U M M A R Y ------------

Command Line: org.jetbrains.kotlin.cli.jvm.K2JVMCompiler @E:\AndroidProjects\Aware\app\build\20250528_2037194935309731081.compiler.options

Host: Intel(R) Core(TM) i7-9850H CPU @ 2.60GHz, 12 cores, 31G,  Windows 10 , 64 bit Build 19041 (10.0.19041.5794)
Time: Wed May 28 22:32:36 2025 Hawaiian Standard Time elapsed time: 0.008179 seconds (0d 0h 0m 0s)

---------------  T H R E A D  ---------------

Current thread (0x000001dc967698b0):  JavaThread "Unknown thread" [_thread_in_vm, id=1768, stack(0x00000007cd500000,0x00000007cd600000) (1024K)]

Stack: [0x00000007cd500000,0x00000007cd600000]
Native frames: (J=compiled Java code, j=interpreted, Vv=VM code, C=native code)
V  [jvm.dll+0x6d0639]
V  [jvm.dll+0x85eb03]
V  [jvm.dll+0x86105e]
V  [jvm.dll+0x861743]
V  [jvm.dll+0x27e6e6]
V  [jvm.dll+0x6ccfd5]
V  [jvm.dll+0x6c0a8a]
V  [jvm.dll+0x35537b]
V  [jvm.dll+0x35cfd6]
V  [jvm.dll+0x3aef86]
V  [jvm.dll+0x3af258]
V  [jvm.dll+0x327a2c]
V  [jvm.dll+0x32871b]
V  [jvm.dll+0x826549]
V  [jvm.dll+0x3bc158]
V  [jvm.dll+0x80f7f8]
V  [jvm.dll+0x45035e]
V  [jvm.dll+0x451ac1]
C  [jli.dll+0x52ab]
C  [ucrtbase.dll+0x21bb2]
C  [KERNEL32.DLL+0x17374]
C  [ntdll.dll+0x4cc91]


---------------  P R O C E S S  ---------------

Threads class SMR info:
_java_thread_list=0x00007ff8d76e1848, length=0, elements={
}

Java Threads: ( => current thread )
Total: 0

Other Threads:
  0x000001dc9680c0b0 WorkerThread "GC Thread#0"                     [id=26160, stack(0x00000007cd600000,0x00000007cd700000) (1024K)]
  0x000001dc9681ced0 ConcurrentGCThread "G1 Main Marker"            [id=25536, stack(0x00000007cd700000,0x00000007cd800000) (1024K)]
  0x000001dc9681db40 WorkerThread "G1 Conc#0"                       [id=14168, stack(0x00000007cd800000,0x00000007cd900000) (1024K)]

[error occurred during error reporting (printing all threads), id 0xc0000005, EXCEPTION_ACCESS_VIOLATION (0xc0000005) at pc=0x00007ff8d6edaa87]
VM state: not at safepoint (not fully initialized)

VM Mutex/Monitor currently owned by a thread:  ([mutex/lock_event])
[0x00007ff8d774e4a0] Heap_lock - owner thread: 0x000001dc967698b0

Heap address: 0x000000042d000000, size: 8136 MB, Compressed Oops mode: Zero based, Oop shift amount: 3

CDS archive(s) mapped at: [0x0000000000000000-0x0000000000000000-0x0000000000000000), size 0, SharedBaseAddress: 0x0000000800000000, ArchiveRelocationMode: 1.
Narrow klass base: 0x0000000000000000, Narrow klass shift: 0, Narrow klass range: 0x0

GC Precious Log:
 CardTable entry size: 512
 Card Set container configuration: InlinePtr #cards 4 size 8 Array Of Cards #cards 32 size 80 Howl #buckets 8 coarsen threshold 7372 Howl Bitmap #cards 1024 size 144 coarsen threshold 921 Card regions per heap region 1 cards per card region 8192

Heap:
 garbage-first heap   total 0K, used 0K [0x000000042d000000, 0x0000000629800000)
  region size 4096K, 0 young (0K), 0 survivors (0K)
 Metaspace       used 0K, committed 0K, reserved 0K
  class space    used 0K, committed 0K, reserved 0K

Heap Regions: E=young(eden), S=young(survivor), O=old, HS=humongous(starts), HC=humongous(continues), CS=collection set, F=free, TAMS=top-at-mark-start, PB=parsable bottom

Card table byte_map: [0x000001dca9e00000,0x000001dcaadf0000] _byte_map_base: 0x000001dca7c98000

Marking Bits: (CMBitMap*) 0x000001dc9680c7b0
 Bits: [0x000001dcaadf0000, 0x000001dcb2d10000)

GC Heap History (0 events):
No events

Dll operation events (1 events):
Event: 0.005 Loaded shared library E:\Android\jbr\bin\java.dll

Deoptimization events (0 events):
No events

Classes loaded (0 events):
No events

Classes unloaded (0 events):
No events

Classes redefined (0 events):
No events

Internal exceptions (0 events):
No events

ZGC Phase Switch (0 events):
No events

VM Operations (0 events):
No events

Memory protections (0 events):
No events

Nmethod flushes (0 events):
No events

Events (0 events):
No events


Dynamic libraries:
0x00007ff6b36b0000 - 0x00007ff6b36ba000 	E:\Android\jbr\bin\java.exe
0x00007ff93aa30000 - 0x00007ff93ac28000 	C:\Windows\SYSTEM32\ntdll.dll
0x00007ff905f60000 - 0x00007ff905f7b000 	C:\Program Files\Avast Software\Avast\aswhook.dll
0x00007ff9394a0000 - 0x00007ff939562000 	C:\Windows\System32\KERNEL32.DLL
0x00007ff9380d0000 - 0x00007ff9383c6000 	C:\Windows\System32\KERNELBASE.dll
0x00007ff9385a0000 - 0x00007ff9386a0000 	C:\Windows\System32\ucrtbase.dll
0x00007ff91db60000 - 0x00007ff91db78000 	E:\Android\jbr\bin\jli.dll
0x00007ff933280000 - 0x00007ff93329b000 	E:\Android\jbr\bin\VCRUNTIME140.dll
0x00007ff939ff0000 - 0x00007ff93a18d000 	C:\Windows\System32\USER32.dll
0x00007ff9386a0000 - 0x00007ff9386c2000 	C:\Windows\System32\win32u.dll
0x00007ff921430000 - 0x00007ff9216ca000 	C:\Windows\WinSxS\amd64_microsoft.windows.common-controls_6595b64144ccf1df_6.0.19041.5794_none_60bcd33171f2783c\COMCTL32.dll
0x00007ff93a1f0000 - 0x00007ff93a21b000 	C:\Windows\System32\GDI32.dll
0x00007ff939770000 - 0x00007ff93980e000 	C:\Windows\System32\msvcrt.dll
0x00007ff9383d0000 - 0x00007ff9384ea000 	C:\Windows\System32\gdi32full.dll
0x00007ff9388c0000 - 0x00007ff93895d000 	C:\Windows\System32\msvcp_win.dll
0x00007ff938e30000 - 0x00007ff938e5f000 	C:\Windows\System32\IMM32.DLL
0x00007ff933330000 - 0x00007ff93333c000 	E:\Android\jbr\bin\vcruntime140_1.dll
0x00007ff90abd0000 - 0x00007ff90ac5d000 	E:\Android\jbr\bin\msvcp140.dll
0x00007ff8d6ba0000 - 0x00007ff8d782b000 	E:\Android\jbr\bin\server\jvm.dll
0x00007ff9396c0000 - 0x00007ff93976f000 	C:\Windows\System32\ADVAPI32.dll
0x00007ff939620000 - 0x00007ff9396bf000 	C:\Windows\System32\sechost.dll
0x00007ff938a70000 - 0x00007ff938b93000 	C:\Windows\System32\RPCRT4.dll
0x00007ff938570000 - 0x00007ff938597000 	C:\Windows\System32\bcrypt.dll
0x00007ff939f80000 - 0x00007ff939feb000 	C:\Windows\System32\WS2_32.dll
0x00007ff9375c0000 - 0x00007ff93760b000 	C:\Windows\SYSTEM32\POWRPROF.dll
0x00007ff92aed0000 - 0x00007ff92aef7000 	C:\Windows\SYSTEM32\WINMM.dll
0x00007ff932c20000 - 0x00007ff932c2a000 	C:\Windows\SYSTEM32\VERSION.dll
0x00007ff937490000 - 0x00007ff9374a2000 	C:\Windows\SYSTEM32\UMPDC.dll
0x00007ff9368b0000 - 0x00007ff9368c2000 	C:\Windows\SYSTEM32\kernel.appcore.dll
0x00007ff9309b0000 - 0x00007ff9309ba000 	E:\Android\jbr\bin\jimage.dll
0x00007ff9363e0000 - 0x00007ff9365e1000 	C:\Windows\SYSTEM32\DBGHELP.DLL
0x00007ff92bce0000 - 0x00007ff92bd14000 	C:\Windows\SYSTEM32\dbgcore.DLL
0x00007ff938830000 - 0x00007ff9388b2000 	C:\Windows\System32\bcryptPrimitives.dll
0x00007ff929970000 - 0x00007ff929990000 	E:\Android\jbr\bin\java.dll

dbghelp: loaded successfully - version: 4.0.5 - missing functions: none
symbol engine: initialized successfully - sym options: 0x614 - pdb path: .;E:\Android\jbr\bin;C:\Windows\SYSTEM32;C:\Program Files\Avast Software\Avast;C:\Windows\WinSxS\amd64_microsoft.windows.common-controls_6595b64144ccf1df_6.0.19041.5794_none_60bcd33171f2783c;E:\Android\jbr\bin\server

VM Arguments:
java_command: org.jetbrains.kotlin.cli.jvm.K2JVMCompiler @E:\AndroidProjects\Aware\app\build\20250528_2037194935309731081.compiler.options
java_class_path (initial): E:\Gradlehome\caches\modules-2\files-2.1\org.jetbrains.kotlin\kotlin-compiler-embeddable\2.1.20\4ef56b3316798316bfac7a0ae443391c9e900ea1\kotlin-compiler-embeddable-2.1.20.jar;E:\Gradlehome\caches\modules-2\files-2.1\org.jetbrains.kotlin\kotlin-stdlib\2.1.20\aa8ca79cd50578314f6d1180c47cbe14c0fee567\kotlin-stdlib-2.1.20.jar;E:\Gradlehome\caches\modules-2\files-2.1\org.jetbrains.kotlin\kotlin-script-runtime\2.1.20\f7c623d7f7bdb01f5ccd6b437bc0a937fcd7c57e\kotlin-script-runtime-2.1.20.jar;E:\Gradlehome\caches\modules-2\files-2.1\org.jetbrains.kotlin\kotlin-reflect\1.6.10\1cbe9c92c12a94eea200d23c2bbaedaf3daf5132\kotlin-reflect-1.6.10.jar;E:\Gradlehome\caches\modules-2\files-2.1\org.jetbrains.kotlin\kotlin-daemon-embeddable\2.1.20\95670fce77befd02a70a0bc3abe8ee4533521334\kotlin-daemon-embeddable-2.1.20.jar;E:\Gradlehome\caches\modules-2\files-2.1\org.jetbrains.intellij.deps\trove4j\1.0.20200330\3afb14d5f9ceb459d724e907a21145e8ff394f02\trove4j-1.0.20200330.jar;E:\Gradlehome\caches\modules-2\files-2.1\org.jetbrains.kotlinx\kotlinx-coroutines-core-jvm\1.8.0\ac1dc37a30a93150b704022f8d895ee1bd3a36b3\kotlinx-coroutines-core-jvm-1.8.0.jar;E:\Gradlehome\caches\modules-2\files-2.1\org.jetbrains\annotations\13.0\919f0dfe192fb4e063e7dacadee7f8bb9a2672a9\annotations-13.0.jar
Launcher Type: SUN_STANDARD

[Global flags]
     intx CICompilerCount                          = 4                                         {product} {ergonomic}
     uint ConcGCThreads                            = 3                                         {product} {ergonomic}
     uint G1ConcRefinementThreads                  = 10                                        {product} {ergonomic}
   size_t G1HeapRegionSize                         = 4194304                                   {product} {ergonomic}
    uintx GCDrainStackTargetSize                   = 64                                        {product} {ergonomic}
   size_t InitialHeapSize                          = 536870912                                 {product} {ergonomic}
   size_t MarkStackSize                            = 4194304                                   {product} {ergonomic}
   size_t MaxHeapSize                              = 8531214336                                {product} {ergonomic}
   size_t MinHeapDeltaBytes                        = 4194304                                   {product} {ergonomic}
   size_t MinHeapSize                              = 8388608                                   {product} {ergonomic}
    uintx NonNMethodCodeHeapSize                   = 5839372                                {pd product} {ergonomic}
    uintx NonProfiledCodeHeapSize                  = 122909434                              {pd product} {ergonomic}
    uintx ProfiledCodeHeapSize                     = 122909434                              {pd product} {ergonomic}
    uintx ReservedCodeCacheSize                    = 251658240                              {pd product} {ergonomic}
     bool SegmentedCodeCache                       = true                                      {product} {ergonomic}
   size_t SoftMaxHeapSize                          = 8531214336                             {manageable} {ergonomic}
     bool UseCompressedOops                        = true                           {product lp64_product} {ergonomic}
     bool UseG1GC                                  = true                                      {product} {ergonomic}
     bool UseLargePagesIndividualAllocation        = false                                  {pd product} {ergonomic}

Logging:
Log output configuration:
 #0: stdout all=warning uptime,level,tags foldmultilines=false
 #1: stderr all=off uptime,level,tags foldmultilines=false

Environment Variables:
JAVA_HOME=C:\Users\hp\AppData\Local\Programs\Eclipse Adoptium\jdk-21.0.4.7-hotspot
PATH=C:\Program Files (x86)\Common Files\Oracle\Java\java8path;C:\Program Files (x86)\Common Files\Oracle\Java\javapath;C:\Windows\system32;C:\Windows;C:\Windows\System32\Wbem;C:\Windows\System32\WindowsPowerShell\v1.0\;C:\Windows\System32\OpenSSH\;C:\Program Files\Git\cmd;C:\Users\hp\Downloads\fmg\ffmpeg-master-latest-win64-gpl-shared\bin;C:\Program Files\Tesseract-OCR;C:\Users\hp\AppData\Local\Programs\Eclipse Adoptium\jdk-21.0.4.7-hotspot\bin;E:\Gradle\gradle-8.13\bin;E:\android-kotlin\kotlinc\bin;E:\Sdk\platform-tools;C:\Users\hp\AppData\Local\Flutter\flutter\bin;;C:\Program Files\NVIDIA Corporation\NVIDIA App\NvDLISR;c:\Users\hp\AppData\Local\Programs\cursor\resources\app\bin;C:\Users\hp\AppData\Local\Programs\Python\Python312\Scripts\;C:\Users\hp\AppData\Local\Programs\Python\Python312\;C:\Users\hp\AppData\Local\Microsoft\WindowsApps;C:\Program Files\JetBrains\PyCharm Community Edition 2024.1.4\bin;%IntelliJ IDEA%;C:\Program Files\JetBrains\IntelliJ IDEA Community Edition 2024.2.3\bin;C:\Program Files\Seelen\Seelen UI;C:\Users\hp\AppData\Local\Programs\cursor\resources\app\bin
USERNAME=hp
OS=Windows_NT
PROCESSOR_IDENTIFIER=Intel64 Family 6 Model 158 Stepping 13, GenuineIntel
TMP=C:\Users\hp\AppData\Local\Temp
TEMP=C:\Users\hp\AppData\Local\Temp




Periodic native trim disabled

JNI global refs:
JNI global refs: 0, weak refs: 0

JNI global refs memory usage: 0, weak refs: 0

Process memory usage:
Resident Set Size: 11292K (0% of 33324196K total physical memory with 2835660K free physical memory)

OOME stack traces (most recent first):
Classloader memory used:

---------------  S Y S T E M  ---------------

OS:
 Windows 10 , 64 bit Build 19041 (10.0.19041.5794)
OS uptime: 0 days 13:15 hours
Hyper-V role detected

CPU: total 12 (initial active 12) (6 cores per cpu, 2 threads per core) family 6 model 158 stepping 13 microcode 0xfc, cx8, cmov, fxsr, ht, mmx, 3dnowpref, sse, sse2, sse3, ssse3, sse4.1, sse4.2, popcnt, lzcnt, tsc, tscinvbit, avx, avx2, aes, erms, clmul, bmi1, bmi2, adx, fma, vzeroupper, clflush, clflushopt, hv, rdtscp, f16c
Processor Information for the first 12 processors :
  Max Mhz: 2592, Current Mhz: 2592, Mhz Limit: 2592

Memory: 4k page, system-wide physical 32543M (2769M free)
TotalPageFile size 32543M (AvailPageFile size 399M)
current process WorkingSet (physical memory assigned to process): 11M, peak: 11M
current process commit charge ("private bytes"): 64M, peak: 576M

vm_info: OpenJDK 64-Bit Server VM (21.0.6+-13368085-b895.109) for windows-amd64 JRE (21.0.6+-13368085-b895.109), built on 2025-04-16T17:01:31Z by "builder" with MS VC++ 16.10 / 16.11 (VS2019)

END.
