#
# There is insufficient memory for the Java Runtime Environment to continue.
# Native memory allocation (mmap) failed to map 1048576 bytes. Error detail: G1 virtual space
# Possible reasons:
#   The system is out of physical RAM or swap space
#   This process is running with CompressedOops enabled, and the Java Heap may be blocking the growth of the native heap
# Possible solutions:
#   Reduce memory load on the system
#   Increase physical memory or swap space
#   Check if swap backing store is full
#   Decrease Java heap size (-Xmx/-Xms)
#   Decrease number of Java threads
#   Decrease Java thread stack sizes (-Xss)
#   Set larger code cache with -XX:ReservedCodeCacheSize=
#   JVM is running with Unscaled Compressed Oops mode in which the Java heap is
#     placed in the first 4GB address space. The Java Heap base address is the
#     maximum limit for the native heap growth. Please use -XX:HeapBaseMinAddress
#     to set the Java Heap base and to place the Java Heap above 4GB virtual address.
# This output file may be truncated or incomplete.
#
#  Out of Memory Error (os_windows.cpp:3898), pid=18824, tid=30732
#
# JRE version: OpenJDK Runtime Environment (21.0.6) (build 21.0.6+-13368085-b895.109)
# Java VM: OpenJDK 64-Bit Server VM (21.0.6+-13368085-b895.109, mixed mode, tiered, compressed oops, compressed class ptrs, g1 gc, windows-amd64)
# No core dump will be written. Minidumps are not enabled by default on client versions of Windows
#

---------------  S U M M A R Y ------------

Command Line: --add-opens=java.base/java.lang=ALL-UNNAMED --add-opens=java.base/java.lang.invoke=ALL-UNNAMED --add-opens=java.base/java.util=ALL-UNNAMED --add-opens=java.prefs/java.util.prefs=ALL-UNNAMED --add-exports=jdk.compiler/com.sun.tools.javac.api=ALL-UNNAMED --add-exports=jdk.compiler/com.sun.tools.javac.util=ALL-UNNAMED --add-opens=java.base/java.util=ALL-UNNAMED --add-opens=java.prefs/java.util.prefs=ALL-UNNAMED --add-opens=java.base/java.nio.charset=ALL-UNNAMED --add-opens=java.base/java.net=ALL-UNNAMED --add-opens=java.base/java.util.concurrent.atomic=ALL-UNNAMED --add-opens=java.xml/javax.xml.namespace=ALL-UNNAMED -Xmx2048m -Dfile.encoding=UTF-8 -Duser.country=US -Duser.language=en -Duser.variant -javaagent:E:\Gradle\gradle-8.13\lib\agents\gradle-instrumentation-agent-8.13.jar org.gradle.launcher.daemon.bootstrap.GradleDaemon 8.13

Host: Intel(R) Core(TM) i7-9850H CPU @ 2.60GHz, 12 cores, 31G,  Windows 10 , 64 bit Build 19041 (10.0.19041.5678)
Time: Sun May 11 12:38:07 2025 Hawaiian Standard Time elapsed time: 40.234748 seconds (0d 0h 0m 40s)

---------------  T H R E A D  ---------------

Current thread (0x0000015fda9cc9c0):  WorkerThread "GC Thread#3"    [id=30732, stack(0x0000000485400000,0x0000000485500000) (1024K)]

Stack: [0x0000000485400000,0x0000000485500000]
Native frames: (J=compiled Java code, j=interpreted, Vv=VM code, C=native code)
V  [jvm.dll+0x6d0639]
V  [jvm.dll+0x85eb03]
V  [jvm.dll+0x86105e]
V  [jvm.dll+0x861743]
V  [jvm.dll+0x27e6e6]
V  [jvm.dll+0x6ccfd5]
V  [jvm.dll+0x6c0a8a]
V  [jvm.dll+0x35537b]
V  [jvm.dll+0x35cfd6]
V  [jvm.dll+0x3aec8b]
V  [jvm.dll+0x3af344]
V  [jvm.dll+0x3af40d]
V  [jvm.dll+0x3291ec]
V  [jvm.dll+0x328f48]
V  [jvm.dll+0x317b26]
V  [jvm.dll+0x3189ba]
V  [jvm.dll+0x318e67]
V  [jvm.dll+0x31881e]
V  [jvm.dll+0x35720a]
V  [jvm.dll+0x357586]
V  [jvm.dll+0x3586ca]
V  [jvm.dll+0x358344]
V  [jvm.dll+0x36c8d9]
V  [jvm.dll+0x36cf9a]
V  [jvm.dll+0x36d097]
V  [jvm.dll+0x36df7b]
V  [jvm.dll+0x88c7e4]
V  [jvm.dll+0x806ed8]
V  [jvm.dll+0x6cef0d]
C  [ucrtbase.dll+0x21bb2]
C  [KERNEL32.DLL+0x17374]
C  [ntdll.dll+0x4cc91]


---------------  P R O C E S S  ---------------

Threads class SMR info:
_java_thread_list=0x0000015fe596b4b0, length=65, elements={
0x0000015fc24ea180, 0x0000015fda21edf0, 0x0000015fda21fc00, 0x0000015fda236130,
0x0000015fda236b80, 0x0000015fda223670, 0x0000015fda242fa0, 0x0000015fda250140,
0x0000015fda252be0, 0x0000015fda16c130, 0x0000015fda668b00, 0x0000015fdf4e43a0,
0x0000015fdfb7c670, 0x0000015fdfe94020, 0x0000015fdfb73790, 0x0000015fdf361830,
0x0000015fdf1bbd60, 0x0000015fe0252870, 0x0000015fdfadfeb0, 0x0000015fdfae1f80,
0x0000015fdfadf820, 0x0000015fdfae0bd0, 0x0000015fdfae1260, 0x0000015fdfadf190,
0x0000015fdfae0540, 0x0000015fdfae2610, 0x0000015fdfae18f0, 0x0000015fe2ae6870,
0x0000015fe2ae6f00, 0x0000015fe2ae9cf0, 0x0000015fe2ae61e0, 0x0000015fe2ae7c20,
0x0000015fe2ae54c0, 0x0000015fe2ae9660, 0x0000015fe2aeb0a0, 0x0000015fe2aeb730,
0x0000015fe2aebdc0, 0x0000015fe2ae4e30, 0x0000015fe2aec450, 0x0000015fe2ae5b50,
0x0000015fe35a7970, 0x0000015fe35a5210, 0x0000015fe35a72e0, 0x0000015fe35a6c50,
0x0000015fe35a8000, 0x0000015fe35a37d0, 0x0000015fe35a1700, 0x0000015fe35a3e60,
0x0000015fe35a8690, 0x0000015fe35a8d20, 0x0000015fe35a1d90, 0x0000015fe35a2420,
0x0000015fe35a2ab0, 0x0000015fe35a5f30, 0x0000015fe35a44f0, 0x0000015fe35a65c0,
0x0000015fe35a4b80, 0x0000015fe35a58a0, 0x0000015fe63dc2f0, 0x0000015fe63d8e70,
0x0000015fe63dbc60, 0x0000015fe63d5360, 0x0000015fe63d9500, 0x0000015fe63d6710,
0x0000015fe63da220
}

Java Threads: ( => current thread )
  0x0000015fc24ea180 JavaThread "main"                              [_thread_blocked, id=28728, stack(0x0000000484000000,0x0000000484100000) (1024K)]
  0x0000015fda21edf0 JavaThread "Reference Handler"          daemon [_thread_blocked, id=22204, stack(0x0000000484800000,0x0000000484900000) (1024K)]
  0x0000015fda21fc00 JavaThread "Finalizer"                  daemon [_thread_blocked, id=23480, stack(0x0000000484900000,0x0000000484a00000) (1024K)]
  0x0000015fda236130 JavaThread "Signal Dispatcher"          daemon [_thread_blocked, id=7160, stack(0x0000000484a00000,0x0000000484b00000) (1024K)]
  0x0000015fda236b80 JavaThread "Attach Listener"            daemon [_thread_blocked, id=4668, stack(0x0000000484b00000,0x0000000484c00000) (1024K)]
  0x0000015fda223670 JavaThread "Service Thread"             daemon [_thread_blocked, id=20488, stack(0x0000000484c00000,0x0000000484d00000) (1024K)]
  0x0000015fda242fa0 JavaThread "Monitor Deflation Thread"   daemon [_thread_blocked, id=26424, stack(0x0000000484d00000,0x0000000484e00000) (1024K)]
  0x0000015fda250140 JavaThread "C2 CompilerThread0"         daemon [_thread_blocked, id=15908, stack(0x0000000484e00000,0x0000000484f00000) (1024K)]
  0x0000015fda252be0 JavaThread "C1 CompilerThread0"         daemon [_thread_blocked, id=19680, stack(0x0000000484f00000,0x0000000485000000) (1024K)]
  0x0000015fda16c130 JavaThread "Common-Cleaner"             daemon [_thread_blocked, id=12640, stack(0x0000000485000000,0x0000000485100000) (1024K)]
  0x0000015fda668b00 JavaThread "Notification Thread"        daemon [_thread_blocked, id=25092, stack(0x0000000485100000,0x0000000485200000) (1024K)]
  0x0000015fdf4e43a0 JavaThread "Daemon health stats"               [_thread_blocked, id=5380, stack(0x0000000485c00000,0x0000000485d00000) (1024K)]
  0x0000015fdfb7c670 JavaThread "Incoming local TCP Connector on port 62735"        [_thread_in_native, id=22088, stack(0x0000000485d00000,0x0000000485e00000) (1024K)]
  0x0000015fdfe94020 JavaThread "Daemon periodic checks"            [_thread_blocked, id=6588, stack(0x0000000485e00000,0x0000000485f00000) (1024K)]
  0x0000015fdfb73790 JavaThread "Daemon"                            [_thread_blocked, id=18184, stack(0x0000000485f00000,0x0000000486000000) (1024K)]
  0x0000015fdf361830 JavaThread "Handler for socket connection from /127.0.0.1:62735 to /127.0.0.1:62736"        [_thread_in_native, id=13972, stack(0x0000000486000000,0x0000000486100000) (1024K)]
  0x0000015fdf1bbd60 JavaThread "Cancel handler"                    [_thread_blocked, id=24308, stack(0x0000000486100000,0x0000000486200000) (1024K)]
  0x0000015fe0252870 JavaThread "Daemon worker"                     [_thread_blocked, id=29580, stack(0x0000000486200000,0x0000000486300000) (1024K)]
  0x0000015fdfadfeb0 JavaThread "Asynchronous log dispatcher for DefaultDaemonConnection: socket connection from /127.0.0.1:62735 to /127.0.0.1:62736"        [_thread_blocked, id=9644, stack(0x0000000486300000,0x0000000486400000) (1024K)]
  0x0000015fdfae1f80 JavaThread "Stdin handler"                     [_thread_blocked, id=3804, stack(0x0000000486400000,0x0000000486500000) (1024K)]
  0x0000015fdfadf820 JavaThread "Daemon client event forwarder"        [_thread_blocked, id=15164, stack(0x0000000486500000,0x0000000486600000) (1024K)]
  0x0000015fdfae0bd0 JavaThread "Cache worker for journal cache (E:\Gradlehome\caches\journal-1)"        [_thread_blocked, id=14248, stack(0x0000000486800000,0x0000000486900000) (1024K)]
  0x0000015fdfae1260 JavaThread "File lock request listener"        [_thread_in_native, id=29400, stack(0x0000000486900000,0x0000000486a00000) (1024K)]
  0x0000015fdfadf190 JavaThread "Cache worker for file hash cache (E:\Gradlehome\caches\8.13\fileHashes)"        [_thread_blocked, id=26112, stack(0x0000000486a00000,0x0000000486b00000) (1024K)]
  0x0000015fdfae0540 JavaThread "Cache worker for file hash cache (E:\AndroidProjects\Aware\.gradle\8.13\fileHashes)"        [_thread_blocked, id=14344, stack(0x0000000486c00000,0x0000000486d00000) (1024K)]
  0x0000015fdfae2610 JavaThread "Cache worker for Build Output Cleanup Cache (E:\AndroidProjects\Aware\.gradle\buildOutputCleanup)"        [_thread_blocked, id=6184, stack(0x0000000486d00000,0x0000000486e00000) (1024K)]
  0x0000015fdfae18f0 JavaThread "File watcher server"        daemon [_thread_in_native, id=25624, stack(0x0000000486e00000,0x0000000486f00000) (1024K)]
  0x0000015fe2ae6870 JavaThread "File watcher consumer"      daemon [_thread_blocked, id=31100, stack(0x0000000486f00000,0x0000000487000000) (1024K)]
  0x0000015fe2ae6f00 JavaThread "Cache worker for checksums cache (E:\AndroidProjects\Aware\.gradle\8.13\checksums)"        [_thread_blocked, id=22864, stack(0x0000000487000000,0x0000000487100000) (1024K)]
  0x0000015fe2ae9cf0 JavaThread "Cache worker for file content cache (E:\Gradlehome\caches\8.13\fileContent)"        [_thread_blocked, id=27152, stack(0x0000000487100000,0x0000000487200000) (1024K)]
  0x0000015fe2ae61e0 JavaThread "Cache worker for cache directory md-supplier (E:\Gradlehome\caches\8.13\md-supplier)"        [_thread_blocked, id=28964, stack(0x0000000487200000,0x0000000487300000) (1024K)]
  0x0000015fe2ae7c20 JavaThread "Cache worker for cache directory md-rule (E:\Gradlehome\caches\8.13\md-rule)"        [_thread_blocked, id=22024, stack(0x0000000487300000,0x0000000487400000) (1024K)]
  0x0000015fe2ae54c0 JavaThread "Unconstrained build operations"        [_thread_blocked, id=24996, stack(0x0000000487400000,0x0000000487500000) (1024K)]
  0x0000015fe2ae9660 JavaThread "Unconstrained build operations Thread 2"        [_thread_blocked, id=11716, stack(0x0000000487500000,0x0000000487600000) (1024K)]
  0x0000015fe2aeb0a0 JavaThread "Unconstrained build operations Thread 3"        [_thread_blocked, id=9824, stack(0x0000000487600000,0x0000000487700000) (1024K)]
  0x0000015fe2aeb730 JavaThread "Unconstrained build operations Thread 4"        [_thread_blocked, id=11680, stack(0x0000000487700000,0x0000000487800000) (1024K)]
  0x0000015fe2aebdc0 JavaThread "Unconstrained build operations Thread 5"        [_thread_blocked, id=20248, stack(0x0000000487800000,0x0000000487900000) (1024K)]
  0x0000015fe2ae4e30 JavaThread "Unconstrained build operations Thread 6"        [_thread_blocked, id=21644, stack(0x0000000487900000,0x0000000487a00000) (1024K)]
  0x0000015fe2aec450 JavaThread "Unconstrained build operations Thread 7"        [_thread_blocked, id=22656, stack(0x0000000487a00000,0x0000000487b00000) (1024K)]
  0x0000015fe2ae5b50 JavaThread "Unconstrained build operations Thread 8"        [_thread_blocked, id=25684, stack(0x0000000487b00000,0x0000000487c00000) (1024K)]
  0x0000015fe35a7970 JavaThread "Unconstrained build operations Thread 9"        [_thread_blocked, id=14476, stack(0x0000000487c00000,0x0000000487d00000) (1024K)]
  0x0000015fe35a5210 JavaThread "Unconstrained build operations Thread 10"        [_thread_blocked, id=8620, stack(0x0000000487d00000,0x0000000487e00000) (1024K)]
  0x0000015fe35a72e0 JavaThread "Unconstrained build operations Thread 11"        [_thread_blocked, id=23500, stack(0x0000000487e00000,0x0000000487f00000) (1024K)]
  0x0000015fe35a6c50 JavaThread "Unconstrained build operations Thread 12"        [_thread_blocked, id=14180, stack(0x0000000487f00000,0x0000000488000000) (1024K)]
  0x0000015fe35a8000 JavaThread "Unconstrained build operations Thread 13"        [_thread_blocked, id=20320, stack(0x0000000488000000,0x0000000488100000) (1024K)]
  0x0000015fe35a37d0 JavaThread "Unconstrained build operations Thread 14"        [_thread_blocked, id=1208, stack(0x0000000488100000,0x0000000488200000) (1024K)]
  0x0000015fe35a1700 JavaThread "Unconstrained build operations Thread 15"        [_thread_blocked, id=14696, stack(0x0000000488200000,0x0000000488300000) (1024K)]
  0x0000015fe35a3e60 JavaThread "Unconstrained build operations Thread 16"        [_thread_blocked, id=5740, stack(0x0000000488300000,0x0000000488400000) (1024K)]
  0x0000015fe35a8690 JavaThread "Unconstrained build operations Thread 17"        [_thread_blocked, id=19968, stack(0x0000000488400000,0x0000000488500000) (1024K)]
  0x0000015fe35a8d20 JavaThread "Unconstrained build operations Thread 18"        [_thread_blocked, id=28020, stack(0x0000000488500000,0x0000000488600000) (1024K)]
  0x0000015fe35a1d90 JavaThread "Unconstrained build operations Thread 19"        [_thread_blocked, id=30924, stack(0x0000000488600000,0x0000000488700000) (1024K)]
  0x0000015fe35a2420 JavaThread "Unconstrained build operations Thread 20"        [_thread_blocked, id=1632, stack(0x0000000488700000,0x0000000488800000) (1024K)]
  0x0000015fe35a2ab0 JavaThread "Unconstrained build operations Thread 21"        [_thread_blocked, id=31128, stack(0x0000000488800000,0x0000000488900000) (1024K)]
  0x0000015fe35a5f30 JavaThread "Unconstrained build operations Thread 22"        [_thread_blocked, id=17340, stack(0x0000000488900000,0x0000000488a00000) (1024K)]
  0x0000015fe35a44f0 JavaThread "Unconstrained build operations Thread 23"        [_thread_blocked, id=8596, stack(0x0000000488a00000,0x0000000488b00000) (1024K)]
  0x0000015fe35a65c0 JavaThread "Unconstrained build operations Thread 24"        [_thread_blocked, id=11308, stack(0x0000000488b00000,0x0000000488c00000) (1024K)]
  0x0000015fe35a4b80 JavaThread "Unconstrained build operations Thread 25"        [_thread_blocked, id=26920, stack(0x0000000488c00000,0x0000000488d00000) (1024K)]
  0x0000015fe35a58a0 JavaThread "Unconstrained build operations Thread 26"        [_thread_blocked, id=27320, stack(0x0000000488d00000,0x0000000488e00000) (1024K)]
  0x0000015fe63dc2f0 JavaThread "Unconstrained build operations Thread 27"        [_thread_blocked, id=23016, stack(0x0000000488e00000,0x0000000488f00000) (1024K)]
  0x0000015fe63d8e70 JavaThread "Unconstrained build operations Thread 28"        [_thread_blocked, id=9812, stack(0x0000000488f00000,0x0000000489000000) (1024K)]
  0x0000015fe63dbc60 JavaThread "Unconstrained build operations Thread 29"        [_thread_blocked, id=25752, stack(0x0000000489000000,0x0000000489100000) (1024K)]
  0x0000015fe63d5360 JavaThread "Unconstrained build operations Thread 30"        [_thread_blocked, id=8748, stack(0x0000000489100000,0x0000000489200000) (1024K)]
  0x0000015fe63d9500 JavaThread "Unconstrained build operations Thread 31"        [_thread_blocked, id=30084, stack(0x0000000489200000,0x0000000489300000) (1024K)]
  0x0000015fe63d6710 JavaThread "Unconstrained build operations Thread 32"        [_thread_blocked, id=12208, stack(0x0000000489300000,0x0000000489400000) (1024K)]
  0x0000015fe63da220 JavaThread "Unconstrained build operations Thread 33"        [_thread_blocked, id=26260, stack(0x0000000489400000,0x0000000489500000) (1024K)]
Total: 65

Other Threads:
  0x0000015fda027920 VMThread "VM Thread"                           [id=26680, stack(0x0000000484700000,0x0000000484800000) (1024K)]
  0x0000015fda019ac0 WatcherThread "VM Periodic Task Thread"        [id=26828, stack(0x0000000484600000,0x0000000484700000) (1024K)]
  0x0000015fc01fe480 WorkerThread "GC Thread#0"                     [id=25040, stack(0x0000000484100000,0x0000000484200000) (1024K)]
  0x0000015fdad43700 WorkerThread "GC Thread#1"                     [id=27692, stack(0x0000000485200000,0x0000000485300000) (1024K)]
  0x0000015fdad43aa0 WorkerThread "GC Thread#2"                     [id=5004, stack(0x0000000485300000,0x0000000485400000) (1024K)]
=>0x0000015fda9cc9c0 WorkerThread "GC Thread#3"                     [id=30732, stack(0x0000000485400000,0x0000000485500000) (1024K)]
  0x0000015fda9ccd60 WorkerThread "GC Thread#4"                     [id=22516, stack(0x0000000485500000,0x0000000485600000) (1024K)]
  0x0000015fda716ab0 WorkerThread "GC Thread#5"                     [id=21852, stack(0x0000000485600000,0x0000000485700000) (1024K)]
  0x0000015fda716e50 WorkerThread "GC Thread#6"                     [id=16248, stack(0x0000000485700000,0x0000000485800000) (1024K)]
  0x0000015fda9afbb0 WorkerThread "GC Thread#7"                     [id=6140, stack(0x0000000485800000,0x0000000485900000) (1024K)]
  0x0000015fda9aff50 WorkerThread "GC Thread#8"                     [id=684, stack(0x0000000485900000,0x0000000485a00000) (1024K)]
  0x0000015fda9b02f0 WorkerThread "GC Thread#9"                     [id=19204, stack(0x0000000485a00000,0x0000000485b00000) (1024K)]
  0x0000015fc254f940 ConcurrentGCThread "G1 Main Marker"            [id=16100, stack(0x0000000484200000,0x0000000484300000) (1024K)]
  0x0000015fc2551200 WorkerThread "G1 Conc#0"                       [id=29676, stack(0x0000000484300000,0x0000000484400000) (1024K)]
  0x0000015fdaa2c020 WorkerThread "G1 Conc#1"                       [id=17152, stack(0x0000000486600000,0x0000000486700000) (1024K)]
  0x0000015fdaa2c3c0 WorkerThread "G1 Conc#2"                       [id=21816, stack(0x0000000486700000,0x0000000486800000) (1024K)]
  0x0000015fda004460 ConcurrentGCThread "G1 Refine#0"               [id=5116, stack(0x0000000484400000,0x0000000484500000) (1024K)]
  0x0000015fda004de0 ConcurrentGCThread "G1 Service"                [id=4064, stack(0x0000000484500000,0x0000000484600000) (1024K)]
Total: 18

Threads with active compile tasks:
Total: 0

VM state: at safepoint (normal execution)

VM Mutex/Monitor currently owned by a thread:  ([mutex/lock_event])
[0x00007ffbb421bca0] FreeList_lock - owner thread: 0x0000015fda9cc9c0
[0x00007ffbb421e3a0] Threads_lock - owner thread: 0x0000015fda027920
[0x00007ffbb421e4a0] Heap_lock - owner thread: 0x0000015fe0252870

Heap address: 0x0000000080000000, size: 2048 MB, Compressed Oops mode: 32-bit

CDS archive(s) not mapped
Compressed class space mapped at: 0x0000000100000000-0x0000000140000000, reserved size: 1073741824
Narrow klass base: 0x0000000000000000, Narrow klass shift: 3, Narrow klass range: 0x140000000

GC Precious Log:
 CardTable entry size: 512
 Card Set container configuration: InlinePtr #cards 5 size 8 Array Of Cards #cards 12 size 40 Howl #buckets 4 coarsen threshold 1843 Howl Bitmap #cards 512 size 80 coarsen threshold 460 Card regions per heap region 1 cards per card region 2048
 CPUs: 12 total, 12 available
 Memory: 32543M
 Large Page Support: Disabled
 NUMA Support: Disabled
 Compressed Oops: Enabled (32-bit)
 Heap Region Size: 1M
 Heap Min Capacity: 8M
 Heap Initial Capacity: 510M
 Heap Max Capacity: 2G
 Pre-touch: Disabled
 Parallel Workers: 10
 Concurrent Workers: 3
 Concurrent Refinement Workers: 10
 Periodic GC: Disabled

Heap:
 garbage-first heap   total 142336K, used 122977K [0x0000000080000000, 0x0000000100000000)
  region size 1024K, 49 young (50176K), 7 survivors (7168K)
 Metaspace       used 85292K, committed 87104K, reserved 1179648K
  class space    used 11800K, committed 12672K, reserved 1048576K

Heap Regions: E=young(eden), S=young(survivor), O=old, HS=humongous(starts), HC=humongous(continues), CS=collection set, F=free, TAMS=top-at-mark-start, PB=parsable bottom
|   0|0x0000000080000000, 0x0000000080100000, 0x0000000080100000|100%|HS|  |TAMS 0x0000000080000000| PB 0x0000000080000000| Complete 
|   1|0x0000000080100000, 0x0000000080200000, 0x0000000080200000|100%|HC|  |TAMS 0x0000000080100000| PB 0x0000000080100000| Complete 
|   2|0x0000000080200000, 0x0000000080300000, 0x0000000080300000|100%|HC|  |TAMS 0x0000000080200000| PB 0x0000000080200000| Complete 
|   3|0x0000000080300000, 0x0000000080400000, 0x0000000080400000|100%| O|  |TAMS 0x0000000080300000| PB 0x0000000080300000| Untracked 
|   4|0x0000000080400000, 0x0000000080500000, 0x0000000080500000|100%| O|  |TAMS 0x0000000080400000| PB 0x0000000080400000| Untracked 
|   5|0x0000000080500000, 0x0000000080600000, 0x0000000080600000|100%| O|  |TAMS 0x0000000080500000| PB 0x0000000080500000| Untracked 
|   6|0x0000000080600000, 0x0000000080700000, 0x0000000080700000|100%| O|  |TAMS 0x0000000080600000| PB 0x0000000080600000| Untracked 
|   7|0x0000000080700000, 0x0000000080800000, 0x0000000080800000|100%| O|  |TAMS 0x0000000080700000| PB 0x0000000080700000| Untracked 
|   8|0x0000000080800000, 0x0000000080900000, 0x0000000080900000|100%| O|  |TAMS 0x0000000080800000| PB 0x0000000080800000| Untracked 
|   9|0x0000000080900000, 0x0000000080a00000, 0x0000000080a00000|100%| O|  |TAMS 0x0000000080900000| PB 0x0000000080900000| Untracked 
|  10|0x0000000080a00000, 0x0000000080b00000, 0x0000000080b00000|100%|HS|  |TAMS 0x0000000080a00000| PB 0x0000000080a00000| Complete 
|  11|0x0000000080b00000, 0x0000000080c00000, 0x0000000080c00000|100%| O|  |TAMS 0x0000000080b00000| PB 0x0000000080b00000| Untracked 
|  12|0x0000000080c00000, 0x0000000080d00000, 0x0000000080d00000|100%| O|  |TAMS 0x0000000080c00000| PB 0x0000000080c00000| Untracked 
|  13|0x0000000080d00000, 0x0000000080e00000, 0x0000000080e00000|100%| O|  |TAMS 0x0000000080d00000| PB 0x0000000080d00000| Untracked 
|  14|0x0000000080e00000, 0x0000000080f00000, 0x0000000080f00000|100%| O|  |TAMS 0x0000000080e00000| PB 0x0000000080e00000| Untracked 
|  15|0x0000000080f00000, 0x0000000081000000, 0x0000000081000000|100%| O|  |TAMS 0x0000000080f00000| PB 0x0000000080f00000| Untracked 
|  16|0x0000000081000000, 0x0000000081100000, 0x0000000081100000|100%| O|  |TAMS 0x0000000081000000| PB 0x0000000081000000| Untracked 
|  17|0x0000000081100000, 0x0000000081200000, 0x0000000081200000|100%| O|  |TAMS 0x0000000081100000| PB 0x0000000081100000| Untracked 
|  18|0x0000000081200000, 0x0000000081300000, 0x0000000081300000|100%| O|  |TAMS 0x0000000081200000| PB 0x0000000081200000| Untracked 
|  19|0x0000000081300000, 0x0000000081400000, 0x0000000081400000|100%| O|  |TAMS 0x0000000081300000| PB 0x0000000081300000| Untracked 
|  20|0x0000000081400000, 0x0000000081500000, 0x0000000081500000|100%| O|  |TAMS 0x0000000081400000| PB 0x0000000081400000| Untracked 
|  21|0x0000000081500000, 0x0000000081600000, 0x0000000081600000|100%| O|Cm|TAMS 0x0000000081500000| PB 0x0000000081500000| Complete 
|  22|0x0000000081600000, 0x0000000081700000, 0x0000000081700000|100%| O|  |TAMS 0x0000000081600000| PB 0x0000000081600000| Untracked 
|  23|0x0000000081700000, 0x0000000081800000, 0x0000000081800000|100%| O|  |TAMS 0x0000000081700000| PB 0x0000000081700000| Untracked 
|  24|0x0000000081800000, 0x0000000081900000, 0x0000000081900000|100%| O|  |TAMS 0x0000000081800000| PB 0x0000000081800000| Untracked 
|  25|0x0000000081900000, 0x0000000081a00000, 0x0000000081a00000|100%| O|  |TAMS 0x0000000081900000| PB 0x0000000081900000| Untracked 
|  26|0x0000000081a00000, 0x0000000081b00000, 0x0000000081b00000|100%| O|  |TAMS 0x0000000081a00000| PB 0x0000000081a00000| Untracked 
|  27|0x0000000081b00000, 0x0000000081c00000, 0x0000000081c00000|100%| O|  |TAMS 0x0000000081b00000| PB 0x0000000081b00000| Untracked 
|  28|0x0000000081c00000, 0x0000000081d00000, 0x0000000081d00000|100%| O|  |TAMS 0x0000000081c00000| PB 0x0000000081c00000| Untracked 
|  29|0x0000000081d00000, 0x0000000081e00000, 0x0000000081e00000|100%| O|  |TAMS 0x0000000081d00000| PB 0x0000000081d00000| Untracked 
|  30|0x0000000081e00000, 0x0000000081f00000, 0x0000000081f00000|100%| O|  |TAMS 0x0000000081e00000| PB 0x0000000081e00000| Untracked 
|  31|0x0000000081f00000, 0x0000000082000000, 0x0000000082000000|100%| O|  |TAMS 0x0000000081f00000| PB 0x0000000081f00000| Untracked 
|  32|0x0000000082000000, 0x0000000082100000, 0x0000000082100000|100%| O|  |TAMS 0x0000000082000000| PB 0x0000000082000000| Untracked 
|  33|0x0000000082100000, 0x0000000082200000, 0x0000000082200000|100%| O|  |TAMS 0x0000000082100000| PB 0x0000000082100000| Untracked 
|  34|0x0000000082200000, 0x0000000082300000, 0x0000000082300000|100%| O|  |TAMS 0x0000000082200000| PB 0x0000000082200000| Untracked 
|  35|0x0000000082300000, 0x0000000082400000, 0x0000000082400000|100%| O|  |TAMS 0x0000000082300000| PB 0x0000000082300000| Untracked 
|  36|0x0000000082400000, 0x0000000082500000, 0x0000000082500000|100%| O|  |TAMS 0x0000000082400000| PB 0x0000000082400000| Untracked 
|  37|0x0000000082500000, 0x0000000082600000, 0x0000000082600000|100%| O|  |TAMS 0x0000000082500000| PB 0x0000000082500000| Untracked 
|  38|0x0000000082600000, 0x0000000082700000, 0x0000000082700000|100%| O|  |TAMS 0x0000000082600000| PB 0x0000000082600000| Untracked 
|  39|0x0000000082700000, 0x0000000082800000, 0x0000000082800000|100%| O|  |TAMS 0x0000000082700000| PB 0x0000000082700000| Untracked 
|  40|0x0000000082800000, 0x0000000082900000, 0x0000000082900000|100%| O|  |TAMS 0x0000000082800000| PB 0x0000000082800000| Untracked 
|  41|0x0000000082900000, 0x0000000082a00000, 0x0000000082a00000|100%| O|  |TAMS 0x0000000082900000| PB 0x0000000082900000| Untracked 
|  42|0x0000000082a00000, 0x0000000082b00000, 0x0000000082b00000|100%| O|Cm|TAMS 0x0000000082a00000| PB 0x0000000082a00000| Complete 
|  43|0x0000000082b00000, 0x0000000082c00000, 0x0000000082c00000|100%| O|  |TAMS 0x0000000082b00000| PB 0x0000000082b00000| Untracked 
|  44|0x0000000082c00000, 0x0000000082d00000, 0x0000000082d00000|100%| O|  |TAMS 0x0000000082c00000| PB 0x0000000082c00000| Untracked 
|  45|0x0000000082d00000, 0x0000000082e00000, 0x0000000082e00000|100%| O|  |TAMS 0x0000000082d00000| PB 0x0000000082d00000| Untracked 
|  46|0x0000000082e00000, 0x0000000082f00000, 0x0000000082f00000|100%|HS|  |TAMS 0x0000000082e00000| PB 0x0000000082e00000| Complete 
|  47|0x0000000082f00000, 0x0000000083000000, 0x0000000083000000|100%|HC|  |TAMS 0x0000000082f00000| PB 0x0000000082f00000| Complete 
|  48|0x0000000083000000, 0x0000000083100000, 0x0000000083100000|100%|HC|  |TAMS 0x0000000083000000| PB 0x0000000083000000| Complete 
|  49|0x0000000083100000, 0x0000000083200000, 0x0000000083200000|100%|HC|  |TAMS 0x0000000083100000| PB 0x0000000083100000| Complete 
|  50|0x0000000083200000, 0x0000000083300000, 0x0000000083300000|100%|HC|  |TAMS 0x0000000083200000| PB 0x0000000083200000| Complete 
|  51|0x0000000083300000, 0x0000000083400000, 0x0000000083400000|100%|HC|  |TAMS 0x0000000083300000| PB 0x0000000083300000| Complete 
|  52|0x0000000083400000, 0x0000000083500000, 0x0000000083500000|100%| O|  |TAMS 0x0000000083400000| PB 0x0000000083400000| Untracked 
|  53|0x0000000083500000, 0x0000000083600000, 0x0000000083600000|100%| O|  |TAMS 0x0000000083500000| PB 0x0000000083500000| Untracked 
|  54|0x0000000083600000, 0x0000000083700000, 0x0000000083700000|100%| O|  |TAMS 0x0000000083600000| PB 0x0000000083600000| Untracked 
|  55|0x0000000083700000, 0x0000000083800000, 0x0000000083800000|100%| O|  |TAMS 0x0000000083700000| PB 0x0000000083700000| Untracked 
|  56|0x0000000083800000, 0x0000000083900000, 0x0000000083900000|100%|HS|  |TAMS 0x0000000083800000| PB 0x0000000083800000| Complete 
|  57|0x0000000083900000, 0x0000000083a00000, 0x0000000083a00000|100%| O|  |TAMS 0x0000000083900000| PB 0x0000000083900000| Untracked 
|  58|0x0000000083a00000, 0x0000000083b00000, 0x0000000083b00000|100%| O|  |TAMS 0x0000000083a00000| PB 0x0000000083a00000| Untracked 
|  59|0x0000000083b00000, 0x0000000083c00000, 0x0000000083c00000|100%|HS|  |TAMS 0x0000000083b00000| PB 0x0000000083b00000| Complete 
|  60|0x0000000083c00000, 0x0000000083d00000, 0x0000000083d00000|100%|HS|  |TAMS 0x0000000083c00000| PB 0x0000000083c00000| Complete 
|  61|0x0000000083d00000, 0x0000000083e00000, 0x0000000083e00000|100%|HS|  |TAMS 0x0000000083d00000| PB 0x0000000083d00000| Complete 
|  62|0x0000000083e00000, 0x0000000083f00000, 0x0000000083f00000|100%| O|  |TAMS 0x0000000083e00000| PB 0x0000000083e00000| Untracked 
|  63|0x0000000083f00000, 0x0000000084000000, 0x0000000084000000|100%| O|  |TAMS 0x0000000083f00000| PB 0x0000000083f00000| Untracked 
|  64|0x0000000084000000, 0x0000000084100000, 0x0000000084100000|100%| O|  |TAMS 0x0000000084000000| PB 0x0000000084000000| Untracked 
|  65|0x0000000084100000, 0x0000000084200000, 0x0000000084200000|100%| O|  |TAMS 0x0000000084100000| PB 0x0000000084100000| Untracked 
|  66|0x0000000084200000, 0x0000000084300000, 0x0000000084300000|100%|HS|  |TAMS 0x0000000084200000| PB 0x0000000084200000| Complete 
|  67|0x0000000084300000, 0x0000000084400000, 0x0000000084400000|100%|HC|  |TAMS 0x0000000084300000| PB 0x0000000084300000| Complete 
|  68|0x0000000084400000, 0x0000000084500000, 0x0000000084500000|100%|HC|  |TAMS 0x0000000084400000| PB 0x0000000084400000| Complete 
|  69|0x0000000084500000, 0x0000000084600000, 0x0000000084600000|100%|HS|  |TAMS 0x0000000084500000| PB 0x0000000084500000| Complete 
|  70|0x0000000084600000, 0x0000000084700000, 0x0000000084700000|100%| O|  |TAMS 0x0000000084600000| PB 0x0000000084600000| Untracked 
|  71|0x0000000084700000, 0x0000000084800000, 0x0000000084800000|100%| O|  |TAMS 0x0000000084700000| PB 0x0000000084700000| Untracked 
|  72|0x0000000084800000, 0x0000000084900000, 0x0000000084900000|100%| O|  |TAMS 0x0000000084800000| PB 0x0000000084800000| Untracked 
|  73|0x0000000084900000, 0x0000000084a00000, 0x0000000084a00000|100%| O|  |TAMS 0x0000000084900000| PB 0x0000000084900000| Untracked 
|  74|0x0000000084a00000, 0x0000000084b00000, 0x0000000084b00000|100%| O|  |TAMS 0x0000000084a00000| PB 0x0000000084a00000| Untracked 
|  75|0x0000000084b00000, 0x0000000084c00000, 0x0000000084c00000|100%| O|  |TAMS 0x0000000084b00000| PB 0x0000000084b00000| Untracked 
|  76|0x0000000084c00000, 0x0000000084d00000, 0x0000000084d00000|100%| O|  |TAMS 0x0000000084c00000| PB 0x0000000084c00000| Untracked 
|  77|0x0000000084d00000, 0x0000000084e00000, 0x0000000084e00000|100%| O|  |TAMS 0x0000000084d00000| PB 0x0000000084d00000| Untracked 
|  78|0x0000000084e00000, 0x0000000084f00000, 0x0000000084f00000|100%| S|  |TAMS 0x0000000084e00000| PB 0x0000000084e00000| Complete 
|  79|0x0000000084f00000, 0x0000000085000000, 0x0000000085000000|100%| S|  |TAMS 0x0000000084f00000| PB 0x0000000084f00000| Complete 
|  80|0x0000000085000000, 0x0000000085100000, 0x0000000085100000|100%| S|  |TAMS 0x0000000085000000| PB 0x0000000085000000| Complete 
|  81|0x0000000085100000, 0x0000000085200000, 0x0000000085200000|100%| S|  |TAMS 0x0000000085100000| PB 0x0000000085100000| Complete 
|  82|0x0000000085200000, 0x0000000085300000, 0x0000000085300000|100%| S|  |TAMS 0x0000000085200000| PB 0x0000000085200000| Complete 
|  83|0x0000000085300000, 0x0000000085400000, 0x0000000085400000|100%| E|CS|TAMS 0x0000000085300000| PB 0x0000000085300000| Complete 
|  84|0x0000000085400000, 0x0000000085500000, 0x0000000085500000|100%| E|CS|TAMS 0x0000000085400000| PB 0x0000000085400000| Complete 
|  85|0x0000000085500000, 0x0000000085600000, 0x0000000085600000|100%| E|CS|TAMS 0x0000000085500000| PB 0x0000000085500000| Complete 
|  86|0x0000000085600000, 0x0000000085700000, 0x0000000085700000|100%| E|CS|TAMS 0x0000000085600000| PB 0x0000000085600000| Complete 
|  87|0x0000000085700000, 0x0000000085800000, 0x0000000085800000|100%| E|CS|TAMS 0x0000000085700000| PB 0x0000000085700000| Complete 
|  88|0x0000000085800000, 0x0000000085900000, 0x0000000085900000|100%| E|CS|TAMS 0x0000000085800000| PB 0x0000000085800000| Complete 
|  89|0x0000000085900000, 0x0000000085a00000, 0x0000000085a00000|100%| E|CS|TAMS 0x0000000085900000| PB 0x0000000085900000| Complete 
|  90|0x0000000085a00000, 0x0000000085b00000, 0x0000000085b00000|100%| E|CS|TAMS 0x0000000085a00000| PB 0x0000000085a00000| Complete 
|  91|0x0000000085b00000, 0x0000000085c00000, 0x0000000085c00000|100%| E|CS|TAMS 0x0000000085b00000| PB 0x0000000085b00000| Complete 
|  92|0x0000000085c00000, 0x0000000085d00000, 0x0000000085d00000|100%| E|CS|TAMS 0x0000000085c00000| PB 0x0000000085c00000| Complete 
|  93|0x0000000085d00000, 0x0000000085e00000, 0x0000000085e00000|100%| E|CS|TAMS 0x0000000085d00000| PB 0x0000000085d00000| Complete 
|  94|0x0000000085e00000, 0x0000000085f00000, 0x0000000085f00000|100%| E|CS|TAMS 0x0000000085e00000| PB 0x0000000085e00000| Complete 
|  95|0x0000000085f00000, 0x0000000086000000, 0x0000000086000000|100%| E|CS|TAMS 0x0000000085f00000| PB 0x0000000085f00000| Complete 
|  96|0x0000000086000000, 0x0000000086100000, 0x0000000086100000|100%| E|CS|TAMS 0x0000000086000000| PB 0x0000000086000000| Complete 
|  97|0x0000000086100000, 0x0000000086200000, 0x0000000086200000|100%| E|CS|TAMS 0x0000000086100000| PB 0x0000000086100000| Complete 
|  98|0x0000000086200000, 0x0000000086300000, 0x0000000086300000|100%| E|CS|TAMS 0x0000000086200000| PB 0x0000000086200000| Complete 
|  99|0x0000000086300000, 0x0000000086400000, 0x0000000086400000|100%| E|CS|TAMS 0x0000000086300000| PB 0x0000000086300000| Complete 
| 100|0x0000000086400000, 0x0000000086500000, 0x0000000086500000|100%| E|CS|TAMS 0x0000000086400000| PB 0x0000000086400000| Complete 
| 101|0x0000000086500000, 0x0000000086600000, 0x0000000086600000|100%| E|CS|TAMS 0x0000000086500000| PB 0x0000000086500000| Complete 
| 102|0x0000000086600000, 0x0000000086700000, 0x0000000086700000|100%| E|CS|TAMS 0x0000000086600000| PB 0x0000000086600000| Complete 
| 103|0x0000000086700000, 0x0000000086800000, 0x0000000086800000|100%| E|CS|TAMS 0x0000000086700000| PB 0x0000000086700000| Complete 
| 104|0x0000000086800000, 0x0000000086900000, 0x0000000086900000|100%| E|CS|TAMS 0x0000000086800000| PB 0x0000000086800000| Complete 
| 105|0x0000000086900000, 0x0000000086a00000, 0x0000000086a00000|100%| E|CS|TAMS 0x0000000086900000| PB 0x0000000086900000| Complete 
| 106|0x0000000086a00000, 0x0000000086b00000, 0x0000000086b00000|100%| E|CS|TAMS 0x0000000086a00000| PB 0x0000000086a00000| Complete 
| 107|0x0000000086b00000, 0x0000000086c00000, 0x0000000086c00000|100%| E|CS|TAMS 0x0000000086b00000| PB 0x0000000086b00000| Complete 
| 108|0x0000000086c00000, 0x0000000086d00000, 0x0000000086d00000|100%| E|CS|TAMS 0x0000000086c00000| PB 0x0000000086c00000| Complete 
| 109|0x0000000086d00000, 0x0000000086e00000, 0x0000000086e00000|100%| E|CS|TAMS 0x0000000086d00000| PB 0x0000000086d00000| Complete 
| 110|0x0000000086e00000, 0x0000000086f00000, 0x0000000086f00000|100%| E|CS|TAMS 0x0000000086e00000| PB 0x0000000086e00000| Complete 
| 111|0x0000000086f00000, 0x0000000087000000, 0x0000000087000000|100%| E|CS|TAMS 0x0000000086f00000| PB 0x0000000086f00000| Complete 
| 112|0x0000000087000000, 0x0000000087100000, 0x0000000087100000|100%| E|CS|TAMS 0x0000000087000000| PB 0x0000000087000000| Complete 
| 113|0x0000000087100000, 0x0000000087200000, 0x0000000087200000|100%| E|CS|TAMS 0x0000000087100000| PB 0x0000000087100000| Complete 
| 114|0x0000000087200000, 0x0000000087300000, 0x0000000087300000|100%| E|CS|TAMS 0x0000000087200000| PB 0x0000000087200000| Complete 
| 115|0x0000000087300000, 0x0000000087400000, 0x0000000087400000|100%| E|CS|TAMS 0x0000000087300000| PB 0x0000000087300000| Complete 
| 116|0x0000000087400000, 0x0000000087500000, 0x0000000087500000|100%| E|CS|TAMS 0x0000000087400000| PB 0x0000000087400000| Complete 
| 117|0x0000000087500000, 0x0000000087600000, 0x0000000087600000|100%| E|CS|TAMS 0x0000000087500000| PB 0x0000000087500000| Complete 
| 118|0x0000000087600000, 0x0000000087700000, 0x0000000087700000|100%| E|CS|TAMS 0x0000000087600000| PB 0x0000000087600000| Complete 
| 119|0x0000000087700000, 0x0000000087800000, 0x0000000087800000|100%| E|CS|TAMS 0x0000000087700000| PB 0x0000000087700000| Complete 
| 120|0x0000000087800000, 0x0000000087900000, 0x0000000087900000|100%| E|CS|TAMS 0x0000000087800000| PB 0x0000000087800000| Complete 
| 121|0x0000000087900000, 0x0000000087a00000, 0x0000000087a00000|100%| E|CS|TAMS 0x0000000087900000| PB 0x0000000087900000| Complete 
| 122|0x0000000087a00000, 0x0000000087b00000, 0x0000000087b00000|100%| S|  |TAMS 0x0000000087a00000| PB 0x0000000087a00000| Complete 
| 123|0x0000000087b00000, 0x0000000087c00000, 0x0000000087c00000|100%| S|  |TAMS 0x0000000087b00000| PB 0x0000000087b00000| Complete 
| 217|0x000000008d900000, 0x000000008da00000, 0x000000008da00000|100%| E|CS|TAMS 0x000000008d900000| PB 0x000000008d900000| Complete 
| 218|0x000000008da00000, 0x000000008db00000, 0x000000008db00000|100%| E|CS|TAMS 0x000000008da00000| PB 0x000000008da00000| Complete 
| 219|0x000000008db00000, 0x000000008dc00000, 0x000000008dc00000|100%| E|CS|TAMS 0x000000008db00000| PB 0x000000008db00000| Complete 
| 220|0x000000008dc00000, 0x000000008dd00000, 0x000000008dd00000|100%| E|CS|TAMS 0x000000008dc00000| PB 0x000000008dc00000| Complete 
| 221|0x000000008dd00000, 0x000000008de00000, 0x000000008de00000|100%| E|CS|TAMS 0x000000008dd00000| PB 0x000000008dd00000| Complete 
| 222|0x000000008de00000, 0x000000008df00000, 0x000000008df00000|100%| E|CS|TAMS 0x000000008de00000| PB 0x000000008de00000| Complete 
| 223|0x000000008df00000, 0x000000008e000000, 0x000000008e000000|100%| E|CS|TAMS 0x000000008df00000| PB 0x000000008df00000| Complete 
| 224|0x000000008e000000, 0x000000008e100000, 0x000000008e100000|100%| E|CS|TAMS 0x000000008e000000| PB 0x000000008e000000| Complete 
| 225|0x000000008e100000, 0x000000008e200000, 0x000000008e200000|100%| E|CS|TAMS 0x000000008e100000| PB 0x000000008e100000| Complete 
| 450|0x000000009c200000, 0x000000009c300000, 0x000000009c300000|100%| E|CS|TAMS 0x000000009c200000| PB 0x000000009c200000| Complete 
| 509|0x000000009fd00000, 0x000000009fe00000, 0x000000009fe00000|100%| E|CS|TAMS 0x000000009fd00000| PB 0x000000009fd00000| Complete 
|2044|0x00000000ffc00000, 0x00000000ffd00000, 0x00000000ffd00000|100%| O|  |TAMS 0x00000000ffc00000| PB 0x00000000ffc00000| Untracked 
|2045|0x00000000ffd00000, 0x00000000ffe00000, 0x00000000ffe00000|100%| O|  |TAMS 0x00000000ffd00000| PB 0x00000000ffd00000| Untracked 
|2046|0x00000000ffe00000, 0x00000000fff00000, 0x00000000fff00000|100%| O|  |TAMS 0x00000000ffe00000| PB 0x00000000ffe00000| Untracked 
|2047|0x00000000fff00000, 0x0000000100000000, 0x0000000100000000|100%| O|  |TAMS 0x00000000fff00000| PB 0x00000000fff00000| Untracked 

Card table byte_map: [0x0000015fd4f90000,0x0000015fd5390000] _byte_map_base: 0x0000015fd4b90000

Marking Bits: (CMBitMap*) 0x0000015fc253f060
 Bits: [0x0000015fd5390000, 0x0000015fd7390000)

Polling page: 0x0000015fc0310000

Metaspace:

Usage:
  Non-class:     71.77 MB used.
      Class:     11.52 MB used.
       Both:     83.29 MB used.

Virtual space:
  Non-class space:      128.00 MB reserved,      72.69 MB ( 57%) committed,  2 nodes.
      Class space:        1.00 GB reserved,      12.38 MB (  1%) committed,  1 nodes.
             Both:        1.12 GB reserved,      85.06 MB (  7%) committed. 

Chunk freelists:
   Non-Class:  7.27 MB
       Class:  3.64 MB
        Both:  10.91 MB

MaxMetaspaceSize: unlimited
CompressedClassSpaceSize: 1.00 GB
Initial GC threshold: 21.00 MB
Current GC threshold: 141.81 MB
CDS: off
 - commit_granule_bytes: 65536.
 - commit_granule_words: 8192.
 - virtual_space_node_default_size: 8388608.
 - enlarge_chunks_in_place: 1.
 - use_allocation_guard: 0.


Internal statistics:

num_allocs_failed_limit: 9.
num_arena_births: 3382.
num_arena_deaths: 0.
num_vsnodes_births: 3.
num_vsnodes_deaths: 0.
num_space_committed: 1359.
num_space_uncommitted: 0.
num_chunks_returned_to_freelist: 9.
num_chunks_taken_from_freelist: 6789.
num_chunk_merges: 9.
num_chunk_splits: 4547.
num_chunks_enlarged: 2974.
num_inconsistent_stats: 0.

CodeHeap 'non-profiled nmethods': size=120000Kb used=4764Kb max_used=5057Kb free=115235Kb
 bounds [0x0000015fcd110000, 0x0000015fcd610000, 0x0000015fd4640000]
CodeHeap 'profiled nmethods': size=120000Kb used=13602Kb max_used=14884Kb free=106397Kb
 bounds [0x0000015fc5640000, 0x0000015fc64d0000, 0x0000015fccb70000]
CodeHeap 'non-nmethods': size=5760Kb used=2050Kb max_used=2107Kb free=3709Kb
 bounds [0x0000015fccb70000, 0x0000015fccde0000, 0x0000015fcd110000]
 total_blobs=8450 nmethods=7639 adapters=715
 compilation: enabled
              stopped_count=0, restarted_count=0
 full_count=0

Compilation events (20 events):
Event: 38.163 Thread 0x0000015fda252be0 nmethod 9032 0x0000015fc6269110 code [0x0000015fc62693e0, 0x0000015fc626a410]
Event: 38.163 Thread 0x0000015fda250140 nmethod 9031 0x0000015fcd248c90 code [0x0000015fcd248e40, 0x0000015fcd249140]
Event: 38.198 Thread 0x0000015fda250140 9033 %     4       org.jetbrains.kotlin.com.intellij.openapi.vfs.impl.ZipHandlerBase::buildEntryMapForZipFile @ 25 (91 bytes)
Event: 38.209 Thread 0x0000015fda250140 nmethod 9033% 0x0000015fcd4dbd90 code [0x0000015fcd4dbfa0, 0x0000015fcd4dc7f0]
Event: 38.209 Thread 0x0000015fda250140 9035       4       org.jetbrains.kotlin.com.intellij.openapi.vfs.impl.jar.CoreJarHandler::<init> (236 bytes)
Event: 38.402 Thread 0x0000015fda250140 nmethod 9035 0x0000015fcd404510 code [0x0000015fcd404b40, 0x0000015fcd408ff8]
Event: 38.402 Thread 0x0000015fda250140 9034       4       org.jetbrains.kotlin.com.intellij.openapi.util.RecursionManager$2::mayCacheNow (61 bytes)
Event: 38.405 Thread 0x0000015fda250140 nmethod 9034 0x0000015fcd50b090 code [0x0000015fcd50b260, 0x0000015fcd50b4a0]
Event: 38.468 Thread 0x0000015fda252be0 9036       1       org.jetbrains.kotlin.com.intellij.util.containers.LinkedCustomHashMap$Entry::access$300 (5 bytes)
Event: 38.469 Thread 0x0000015fda252be0 nmethod 9036 0x0000015fcd590510 code [0x0000015fcd5906a0, 0x0000015fcd590750]
Event: 38.539 Thread 0x0000015fda252be0 9037       3       java.util.zip.ZipFile$Source::close (52 bytes)
Event: 38.539 Thread 0x0000015fda252be0 nmethod 9037 0x0000015fc564de10 code [0x0000015fc564dfe0, 0x0000015fc564e338]
Event: 38.662 Thread 0x0000015fda250140 9038   !   4       java.util.zip.ZipFile$Source::readFullyAt (78 bytes)
Event: 38.668 Thread 0x0000015fda250140 nmethod 9038 0x0000015fcd2fe510 code [0x0000015fcd2fe720, 0x0000015fcd2fef78]
Event: 38.733 Thread 0x0000015fda250140 9039   !   4       java.util.concurrent.locks.AbstractQueuedSynchronizer::acquire (424 bytes)
Event: 38.759 Thread 0x0000015fda250140 nmethod 9039 0x0000015fcd2fc710 code [0x0000015fcd2fc960, 0x0000015fcd2fdd08]
Event: 38.972 Thread 0x0000015fda252be0 9040       3       java.util.HashMap$EntrySet::size (8 bytes)
Event: 38.972 Thread 0x0000015fda252be0 nmethod 9040 0x0000015fc56c6510 code [0x0000015fc56c66a0, 0x0000015fc56c67b8]
Event: 40.158 Thread 0x0000015fda252be0 9041       3       org.jetbrains.kotlin.com.intellij.util.containers.LinkedCustomHashMap$Entry::access$402 (7 bytes)
Event: 40.158 Thread 0x0000015fda252be0 nmethod 9041 0x0000015fc56da790 code [0x0000015fc56da940, 0x0000015fc56daa88]

GC Heap History (20 events):
Event: 28.326 GC heap after
{Heap after GC invocations=10 (full 0):
 garbage-first heap   total 80896K, used 32383K [0x0000000080000000, 0x0000000100000000)
  region size 1024K, 3 young (3072K), 3 survivors (3072K)
 Metaspace       used 44710K, committed 45696K, reserved 1114112K
  class space    used 5767K, committed 6272K, reserved 1048576K
}
Event: 28.946 GC heap before
{Heap before GC invocations=10 (full 0):
 garbage-first heap   total 80896K, used 69247K [0x0000000080000000, 0x0000000100000000)
  region size 1024K, 39 young (39936K), 3 survivors (3072K)
 Metaspace       used 49026K, committed 50368K, reserved 1114112K
  class space    used 6500K, committed 7168K, reserved 1048576K
}
Event: 28.950 GC heap after
{Heap after GC invocations=11 (full 0):
 garbage-first heap   total 302080K, used 35661K [0x0000000080000000, 0x0000000100000000)
  region size 1024K, 5 young (5120K), 5 survivors (5120K)
 Metaspace       used 49026K, committed 50368K, reserved 1114112K
  class space    used 6500K, committed 7168K, reserved 1048576K
}
Event: 29.929 GC heap before
{Heap before GC invocations=11 (full 0):
 garbage-first heap   total 302080K, used 105293K [0x0000000080000000, 0x0000000100000000)
  region size 1024K, 74 young (75776K), 5 survivors (5120K)
 Metaspace       used 58529K, committed 60096K, reserved 1114112K
  class space    used 7920K, committed 8704K, reserved 1048576K
}
Event: 29.935 GC heap after
{Heap after GC invocations=12 (full 0):
 garbage-first heap   total 302080K, used 38896K [0x0000000080000000, 0x0000000100000000)
  region size 1024K, 9 young (9216K), 9 survivors (9216K)
 Metaspace       used 58529K, committed 60096K, reserved 1114112K
  class space    used 7920K, committed 8704K, reserved 1048576K
}
Event: 31.398 GC heap before
{Heap before GC invocations=13 (full 0):
 garbage-first heap   total 133120K, used 109552K [0x0000000080000000, 0x0000000100000000)
  region size 1024K, 78 young (79872K), 9 survivors (9216K)
 Metaspace       used 66402K, committed 68160K, reserved 1114112K
  class space    used 9095K, committed 9984K, reserved 1048576K
}
Event: 31.405 GC heap after
{Heap after GC invocations=14 (full 0):
 garbage-first heap   total 133120K, used 45455K [0x0000000080000000, 0x0000000100000000)
  region size 1024K, 10 young (10240K), 10 survivors (10240K)
 Metaspace       used 66402K, committed 68160K, reserved 1114112K
  class space    used 9095K, committed 9984K, reserved 1048576K
}
Event: 31.978 GC heap before
{Heap before GC invocations=14 (full 0):
 garbage-first heap   total 133120K, used 114063K [0x0000000080000000, 0x0000000100000000)
  region size 1024K, 78 young (79872K), 10 survivors (10240K)
 Metaspace       used 67750K, committed 69504K, reserved 1114112K
  class space    used 9241K, committed 10112K, reserved 1048576K
}
Event: 31.986 GC heap after
{Heap after GC invocations=15 (full 0):
 garbage-first heap   total 133120K, used 49404K [0x0000000080000000, 0x0000000100000000)
  region size 1024K, 7 young (7168K), 7 survivors (7168K)
 Metaspace       used 67750K, committed 69504K, reserved 1114112K
  class space    used 9241K, committed 10112K, reserved 1048576K
}
Event: 32.394 GC heap before
{Heap before GC invocations=15 (full 0):
 garbage-first heap   total 133120K, used 114940K [0x0000000080000000, 0x0000000100000000)
  region size 1024K, 71 young (72704K), 7 survivors (7168K)
 Metaspace       used 68002K, committed 69696K, reserved 1114112K
  class space    used 9241K, committed 10112K, reserved 1048576K
}
Event: 32.398 GC heap after
{Heap after GC invocations=16 (full 0):
 garbage-first heap   total 133120K, used 51143K [0x0000000080000000, 0x0000000100000000)
  region size 1024K, 5 young (5120K), 5 survivors (5120K)
 Metaspace       used 68002K, committed 69696K, reserved 1114112K
  class space    used 9241K, committed 10112K, reserved 1048576K
}
Event: 32.618 GC heap before
{Heap before GC invocations=16 (full 0):
 garbage-first heap   total 133120K, used 114631K [0x0000000080000000, 0x0000000100000000)
  region size 1024K, 68 young (69632K), 5 survivors (5120K)
 Metaspace       used 68014K, committed 69696K, reserved 1114112K
  class space    used 9242K, committed 10112K, reserved 1048576K
}
Event: 32.621 GC heap after
{Heap after GC invocations=17 (full 0):
 garbage-first heap   total 133120K, used 52855K [0x0000000080000000, 0x0000000100000000)
  region size 1024K, 7 young (7168K), 7 survivors (7168K)
 Metaspace       used 68014K, committed 69696K, reserved 1114112K
  class space    used 9242K, committed 10112K, reserved 1048576K
}
Event: 33.438 GC heap before
{Heap before GC invocations=18 (full 0):
 garbage-first heap   total 133120K, used 116218K [0x0000000080000000, 0x0000000100000000)
  region size 1024K, 69 young (70656K), 7 survivors (7168K)
 Metaspace       used 77417K, committed 79232K, reserved 1179648K
  class space    used 10875K, committed 11776K, reserved 1048576K
}
Event: 33.442 GC heap after
{Heap after GC invocations=19 (full 0):
 garbage-first heap   total 133120K, used 55102K [0x0000000080000000, 0x0000000100000000)
  region size 1024K, 8 young (8192K), 8 survivors (8192K)
 Metaspace       used 77417K, committed 79232K, reserved 1179648K
  class space    used 10875K, committed 11776K, reserved 1048576K
}
Event: 34.156 GC heap before
{Heap before GC invocations=19 (full 0):
 garbage-first heap   total 133120K, used 123710K [0x0000000080000000, 0x0000000100000000)
  region size 1024K, 68 young (69632K), 8 survivors (8192K)
 Metaspace       used 85152K, committed 86976K, reserved 1179648K
  class space    used 11788K, committed 12672K, reserved 1048576K
}
Event: 34.162 GC heap after
{Heap after GC invocations=20 (full 0):
 garbage-first heap   total 137216K, used 64933K [0x0000000080000000, 0x0000000100000000)
  region size 1024K, 9 young (9216K), 9 survivors (9216K)
 Metaspace       used 85152K, committed 86976K, reserved 1179648K
  class space    used 11788K, committed 12672K, reserved 1048576K
}
Event: 34.266 GC heap before
{Heap before GC invocations=20 (full 0):
 garbage-first heap   total 137216K, used 84389K [0x0000000080000000, 0x0000000100000000)
  region size 1024K, 29 young (29696K), 9 survivors (9216K)
 Metaspace       used 85261K, committed 87104K, reserved 1179648K
  class space    used 11792K, committed 12672K, reserved 1048576K
}
Event: 34.275 GC heap after
{Heap after GC invocations=21 (full 0):
 garbage-first heap   total 137216K, used 72801K [0x0000000080000000, 0x0000000100000000)
  region size 1024K, 8 young (8192K), 8 survivors (8192K)
 Metaspace       used 85261K, committed 87104K, reserved 1179648K
  class space    used 11792K, committed 12672K, reserved 1048576K
}
Event: 40.224 GC heap before
{Heap before GC invocations=22 (full 0):
 garbage-first heap   total 137216K, used 122977K [0x0000000080000000, 0x0000000100000000)
  region size 1024K, 50 young (51200K), 8 survivors (8192K)
 Metaspace       used 85292K, committed 87104K, reserved 1179648K
  class space    used 11800K, committed 12672K, reserved 1048576K
}

Dll operation events (3 events):
Event: 0.034 Loaded shared library E:\Android\jbr\bin\java.dll
Event: 0.055 Loaded shared library E:\Android\jbr\bin\zip.dll
Event: 14.613 Loaded shared library E:\Android\jbr\bin\verify.dll

Deoptimization events (20 events):
Event: 34.588 Thread 0x0000015fe0252870 DEOPT PACKING pc=0x0000015fcd50c96c sp=0x00000004862f52b0
Event: 34.588 Thread 0x0000015fe0252870 DEOPT UNPACKING pc=0x0000015fccbc46a2 sp=0x00000004862f5140 mode 2
Event: 34.588 Thread 0x0000015fe0252870 Uncommon trap: trap_request=0xffffff45 fr.pc=0x0000015fcd5f8320 relative=0x0000000000000580
Event: 34.588 Thread 0x0000015fe0252870 Uncommon trap: reason=unstable_if action=reinterpret pc=0x0000015fcd5f8320 method=org.jetbrains.kotlin.com.intellij.openapi.vfs.impl.ZipEntryMap.isTheOne(Lorg/jetbrains/kotlin/com/intellij/openapi/vfs/impl/ArchiveHandler$EntryInfo;Ljava/lang/CharSequence;
Event: 34.588 Thread 0x0000015fe0252870 DEOPT PACKING pc=0x0000015fcd5f8320 sp=0x00000004862f51f0
Event: 34.588 Thread 0x0000015fe0252870 DEOPT UNPACKING pc=0x0000015fccbc46a2 sp=0x00000004862f51a0 mode 2
Event: 34.588 Thread 0x0000015fe0252870 Uncommon trap: trap_request=0xffffff45 fr.pc=0x0000015fcd4abde8 relative=0x0000000000000788
Event: 34.588 Thread 0x0000015fe0252870 Uncommon trap: reason=unstable_if action=reinterpret pc=0x0000015fcd4abde8 method=org.jetbrains.kotlin.com.intellij.openapi.vfs.impl.ZipEntryMap.isTheOne(Lorg/jetbrains/kotlin/com/intellij/openapi/vfs/impl/ArchiveHandler$EntryInfo;Ljava/lang/CharSequence;
Event: 34.588 Thread 0x0000015fe0252870 DEOPT PACKING pc=0x0000015fcd4abde8 sp=0x00000004862f5240
Event: 34.588 Thread 0x0000015fe0252870 DEOPT UNPACKING pc=0x0000015fccbc46a2 sp=0x00000004862f5130 mode 2
Event: 34.588 Thread 0x0000015fe0252870 Uncommon trap: trap_request=0xffffff45 fr.pc=0x0000015fcd5ecbe8 relative=0x0000000000000788
Event: 34.588 Thread 0x0000015fe0252870 Uncommon trap: reason=unstable_if action=reinterpret pc=0x0000015fcd5ecbe8 method=org.jetbrains.kotlin.com.intellij.openapi.vfs.impl.ZipEntryMap.isTheOne(Lorg/jetbrains/kotlin/com/intellij/openapi/vfs/impl/ArchiveHandler$EntryInfo;Ljava/lang/CharSequence;
Event: 34.588 Thread 0x0000015fe0252870 DEOPT PACKING pc=0x0000015fcd5ecbe8 sp=0x00000004862f51e0
Event: 34.588 Thread 0x0000015fe0252870 DEOPT UNPACKING pc=0x0000015fccbc46a2 sp=0x00000004862f5138 mode 2
Event: 37.423 Thread 0x0000015fe0252870 Uncommon trap: trap_request=0xffffff45 fr.pc=0x0000015fcd3f2830 relative=0x0000000000000eb0
Event: 37.424 Thread 0x0000015fe0252870 Uncommon trap: reason=unstable_if action=reinterpret pc=0x0000015fcd3f2830 method=org.jetbrains.kotlin.com.intellij.openapi.vfs.impl.ZipEntryMap.isTheOne(Lorg/jetbrains/kotlin/com/intellij/openapi/vfs/impl/ArchiveHandler$EntryInfo;Ljava/lang/CharSequence;
Event: 37.424 Thread 0x0000015fe0252870 DEOPT PACKING pc=0x0000015fcd3f2830 sp=0x00000004862f51e0
Event: 37.424 Thread 0x0000015fe0252870 DEOPT UNPACKING pc=0x0000015fccbc46a2 sp=0x00000004862f5070 mode 2
Event: 38.204 Thread 0x0000015fe0252870 DEOPT PACKING pc=0x0000015fc5f0902f sp=0x00000004862f55b0
Event: 38.204 Thread 0x0000015fe0252870 DEOPT UNPACKING pc=0x0000015fccbc4e42 sp=0x00000004862f4b00 mode 0

Classes loaded (20 events):
Event: 33.928 Loading class java/nio/charset/UnsupportedCharsetException
Event: 33.928 Loading class java/nio/charset/UnsupportedCharsetException done
Event: 33.928 Loading class sun/nio/cs/UTF_32BE
Event: 33.928 Loading class sun/nio/cs/UTF_32BE done
Event: 33.928 Loading class sun/nio/cs/UTF_32LE
Event: 33.928 Loading class sun/nio/cs/UTF_32LE done
Event: 33.928 Loading class sun/nio/cs/MS1251
Event: 33.928 Loading class sun/nio/cs/MS1251 done
Event: 34.067 Loading class java/beans/PropertyChangeSupport
Event: 34.067 Loading class java/beans/PropertyChangeSupport done
Event: 34.068 Loading class java/beans/PropertyChangeSupport$PropertyChangeListenerMap
Event: 34.068 Loading class java/beans/ChangeListenerMap
Event: 34.068 Loading class java/beans/ChangeListenerMap done
Event: 34.068 Loading class java/beans/PropertyChangeSupport$PropertyChangeListenerMap done
Event: 34.094 Loading class java/util/zip/ZipFile$ZipEntryIterator
Event: 34.094 Loading class java/util/zip/ZipFile$ZipEntryIterator done
Event: 35.996 Loading class java/util/concurrent/LinkedBlockingDeque$Itr
Event: 35.996 Loading class java/util/concurrent/LinkedBlockingDeque$AbstractItr
Event: 35.996 Loading class java/util/concurrent/LinkedBlockingDeque$AbstractItr done
Event: 35.996 Loading class java/util/concurrent/LinkedBlockingDeque$Itr done

Classes unloaded (0 events):
No events

Classes redefined (0 events):
No events

Internal exceptions (20 events):
Event: 33.351 Thread 0x0000015fe0252870 Exception <a 'java/lang/NoSuchMethodError'{0x0000000084a12e48}: 'void java.lang.invoke.DirectMethodHandle$Holder.invokeStaticInit(java.lang.Object)'> (0x0000000084a12e48) 
thrown [s\src\hotspot\share\interpreter\linkResolver.cpp, line 784]
Event: 33.356 Thread 0x0000015fe0252870 Exception <a 'java/lang/NoSuchMethodError'{0x0000000084a951b0}: 'void java.lang.invoke.DelegatingMethodHandle$Holder.reinvoke_L(java.lang.Object, java.lang.Object, java.lang.Object, long, java.lang.Object)'> (0x0000000084a951b0) 
thrown [s\src\hotspot\share\interpreter\linkResolver.cpp, line 784]
Event: 33.357 Thread 0x0000015fe0252870 Exception <a 'java/lang/NoSuchMethodError'{0x0000000084a9d420}: 'java.lang.Object java.lang.invoke.DirectMethodHandle$Holder.invokeSpecial(java.lang.Object, java.lang.Object, java.lang.Object, java.lang.Object, long)'> (0x0000000084a9d420) 
thrown [s\src\hotspot\share\interpreter\linkResolver.cpp, line 784]
Event: 33.357 Thread 0x0000015fe0252870 Exception <a 'java/lang/NoSuchMethodError'{0x0000000084aad000}: 'int java.lang.invoke.DelegatingMethodHandle$Holder.reinvoke_L(java.lang.Object, java.lang.Object, java.lang.Object, long, java.lang.Object, java.lang.Object)'> (0x0000000084aad000) 
thrown [s\src\hotspot\share\interpreter\linkResolver.cpp, line 784]
Event: 33.357 Thread 0x0000015fe0252870 Exception <a 'java/lang/NoSuchMethodError'{0x0000000084abc768}: 'int java.lang.invoke.DelegatingMethodHandle$Holder.reinvoke_L(java.lang.Object, java.lang.Object, java.lang.Object, long, int, int)'> (0x0000000084abc768) 
thrown [s\src\hotspot\share\interpreter\linkResolver.cpp, line 784]
Event: 33.358 Thread 0x0000015fe0252870 Exception <a 'java/lang/NoSuchMethodError'{0x0000000084acba08}: 'int java.lang.invoke.DelegatingMethodHandle$Holder.reinvoke_L(java.lang.Object, java.lang.Object, java.lang.Object, long, long, long)'> (0x0000000084acba08) 
thrown [s\src\hotspot\share\interpreter\linkResolver.cpp, line 784]
Event: 33.358 Thread 0x0000015fe0252870 Exception <a 'java/lang/NoSuchMethodError'{0x0000000084ada970}: 'int java.lang.invoke.DelegatingMethodHandle$Holder.reinvoke_L(java.lang.Object, java.lang.Object, java.lang.Object, long, int)'> (0x0000000084ada970) 
thrown [s\src\hotspot\share\interpreter\linkResolver.cpp, line 784]
Event: 33.359 Thread 0x0000015fe0252870 Exception <a 'java/lang/NoSuchMethodError'{0x0000000084af10d0}: 'void java.lang.invoke.DelegatingMethodHandle$Holder.reinvoke_L(java.lang.Object, java.lang.Object, java.lang.Object, long, java.lang.Object, long, long)'> (0x0000000084af10d0) 
thrown [s\src\hotspot\share\interpreter\linkResolver.cpp, line 784]
Event: 33.359 Thread 0x0000015fe0252870 Exception <a 'java/lang/NoSuchMethodError'{0x0000000084af91f0}: 'long java.lang.invoke.Invokers$Holder.invokeExact_MT(java.lang.Object, java.lang.Object, java.lang.Object)'> (0x0000000084af91f0) 
thrown [s\src\hotspot\share\interpreter\linkResolver.cpp, line 784]
Event: 33.359 Thread 0x0000015fe0252870 Exception <a 'java/lang/NoSuchMethodError'{0x0000000084afdf78}: 'int java.lang.invoke.Invokers$Holder.invokeExact_MT(java.lang.Object, java.lang.Object, java.lang.Object)'> (0x0000000084afdf78) 
thrown [s\src\hotspot\share\interpreter\linkResolver.cpp, line 784]
Event: 33.766 Thread 0x0000015fe0252870 Exception <a 'java/lang/NoSuchMethodError'{0x0000000086858890}: 'java.lang.Object java.lang.invoke.DirectMethodHandle$Holder.invokeStatic(java.lang.Object, java.lang.Object, java.lang.Object, java.lang.Object, int, java.lang.Object)'> (0x0000000086858890) 
thrown [s\src\hotspot\share\interpreter\linkResolver.cpp, line 784]
Event: 33.813 Thread 0x0000015fe0252870 Implicit null exception at 0x0000015fcd248111 to 0x0000015fcd2483b0
Event: 33.813 Thread 0x0000015fe0252870 Exception <a 'java/lang/NoSuchMethodError'{0x0000000086756eb0}: 'int java.lang.invoke.DirectMethodHandle$Holder.invokeSpecial(java.lang.Object, java.lang.Object, java.lang.Object, int)'> (0x0000000086756eb0) 
thrown [s\src\hotspot\share\interpreter\linkResolver.cpp, line 784]
Event: 33.814 Thread 0x0000015fe0252870 Exception <a 'java/lang/NoSuchMethodError'{0x00000000867685b0}: 'java.lang.Object java.lang.invoke.DirectMethodHandle$Holder.invokeStatic(java.lang.Object, java.lang.Object, java.lang.Object, java.lang.Object, int)'> (0x00000000867685b0) 
thrown [s\src\hotspot\share\interpreter\linkResolver.cpp, line 784]
Event: 33.815 Thread 0x0000015fe0252870 Exception <a 'java/lang/NoSuchMethodError'{0x0000000086770ef8}: 'long java.lang.invoke.DirectMethodHandle$Holder.invokeStatic(java.lang.Object, java.lang.Object, int)'> (0x0000000086770ef8) 
thrown [s\src\hotspot\share\interpreter\linkResolver.cpp, line 784]
Event: 33.815 Thread 0x0000015fe0252870 Exception <a 'java/lang/NoSuchMethodError'{0x000000008677d5c8}: 'java.lang.Object java.lang.invoke.DelegatingMethodHandle$Holder.reinvoke_L(java.lang.Object, int, long, java.lang.Object, java.lang.Object, int, java.lang.Object)'> (0x000000008677d5c8) 
thrown [s\src\hotspot\share\interpreter\linkResolver.cpp, line 784]
Event: 34.033 Thread 0x0000015fe0252870 Exception <a 'java/lang/NoSuchMethodError'{0x000000008551fd20}: 'java.lang.Object java.lang.invoke.Invokers$Holder.invokeExact_MT(java.lang.Object, java.lang.Object, long, java.lang.Object)'> (0x000000008551fd20) 
thrown [s\src\hotspot\share\interpreter\linkResolver.cpp, line 784]
Event: 34.094 Thread 0x0000015fe0252870 Implicit null exception at 0x0000015fcd2ca392 to 0x0000015fcd2cb3b8
Event: 34.306 Thread 0x0000015fe0252870 Implicit null exception at 0x0000015fcd5f4965 to 0x0000015fcd5f6a74
Event: 34.306 Thread 0x0000015fe0252870 Implicit null exception at 0x0000015fcd2b4627 to 0x0000015fcd2b4cec

ZGC Phase Switch (0 events):
No events

VM Operations (20 events):
Event: 34.231 Executing VM operation: HandshakeAllThreads (Deoptimize) done
Event: 34.266 Executing VM operation: G1TryInitiateConcMark (G1 Humongous Allocation)
Event: 34.275 Executing VM operation: G1TryInitiateConcMark (G1 Humongous Allocation) done
Event: 34.314 Executing VM operation: G1PauseRemark
Event: 34.318 Executing VM operation: G1PauseRemark done
Event: 34.341 Executing VM operation: G1PauseCleanup
Event: 34.341 Executing VM operation: G1PauseCleanup done
Event: 35.342 Executing VM operation: Cleanup
Event: 35.343 Executing VM operation: Cleanup done
Event: 36.003 Executing VM operation: HandshakeAllThreads (Deoptimize)
Event: 36.003 Executing VM operation: HandshakeAllThreads (Deoptimize) done
Event: 36.005 Executing VM operation: HandshakeAllThreads (Deoptimize)
Event: 36.005 Executing VM operation: HandshakeAllThreads (Deoptimize) done
Event: 37.005 Executing VM operation: Cleanup
Event: 37.006 Executing VM operation: Cleanup done
Event: 38.015 Executing VM operation: Cleanup
Event: 38.015 Executing VM operation: Cleanup done
Event: 39.028 Executing VM operation: Cleanup
Event: 39.028 Executing VM operation: Cleanup done
Event: 40.224 Executing VM operation: G1CollectForAllocation (G1 Evacuation Pause)

Memory protections (0 events):
No events

Nmethod flushes (20 events):
Event: 34.317 Thread 0x0000015fda027920 flushing  nmethod 0x0000015fc5f56190
Event: 34.317 Thread 0x0000015fda027920 flushing  nmethod 0x0000015fc5f56690
Event: 34.317 Thread 0x0000015fda027920 flushing  nmethod 0x0000015fc5f58110
Event: 34.317 Thread 0x0000015fda027920 flushing  nmethod 0x0000015fc5f5a010
Event: 34.317 Thread 0x0000015fda027920 flushing  nmethod 0x0000015fc5f5a810
Event: 34.317 Thread 0x0000015fda027920 flushing  nmethod 0x0000015fc6041510
Event: 34.317 Thread 0x0000015fda027920 flushing  nmethod 0x0000015fc6043a90
Event: 34.317 Thread 0x0000015fda027920 flushing  nmethod 0x0000015fc6044190
Event: 34.317 Thread 0x0000015fda027920 flushing  nmethod 0x0000015fc6045010
Event: 34.317 Thread 0x0000015fda027920 flushing  nmethod 0x0000015fc6047f10
Event: 34.317 Thread 0x0000015fda027920 flushing  nmethod 0x0000015fc6077390
Event: 34.317 Thread 0x0000015fda027920 flushing  nmethod 0x0000015fc607a010
Event: 34.317 Thread 0x0000015fda027920 flushing  nmethod 0x0000015fc607d190
Event: 34.317 Thread 0x0000015fda027920 flushing  nmethod 0x0000015fc610dd90
Event: 34.317 Thread 0x0000015fda027920 flushing  nmethod 0x0000015fc616d110
Event: 34.317 Thread 0x0000015fda027920 flushing  nmethod 0x0000015fc61df090
Event: 34.317 Thread 0x0000015fda027920 flushing  nmethod 0x0000015fc628ca10
Event: 34.317 Thread 0x0000015fda027920 flushing  nmethod 0x0000015fc6290710
Event: 34.317 Thread 0x0000015fda027920 flushing  nmethod 0x0000015fc6345f10
Event: 34.317 Thread 0x0000015fda027920 flushing  nmethod 0x0000015fc63a8a10

Events (20 events):
Event: 31.601 Thread 0x0000015fe0252870 Thread added: 0x0000015fe35a2420
Event: 31.603 Thread 0x0000015fe0252870 Thread added: 0x0000015fe35a2ab0
Event: 31.606 Thread 0x0000015fe0252870 Thread added: 0x0000015fe35a5f30
Event: 31.935 Thread 0x0000015fe0252870 Thread added: 0x0000015fe35a44f0
Event: 31.935 Thread 0x0000015fe0252870 Thread added: 0x0000015fe35a65c0
Event: 31.936 Thread 0x0000015fe0252870 Thread added: 0x0000015fe35a4b80
Event: 31.936 Thread 0x0000015fe0252870 Thread added: 0x0000015fe35a58a0
Event: 31.937 Thread 0x0000015fe0252870 Thread added: 0x0000015fe63dc2f0
Event: 31.938 Thread 0x0000015fe0252870 Thread added: 0x0000015fe63d8e70
Event: 31.938 Thread 0x0000015fe0252870 Thread added: 0x0000015fe63dbc60
Event: 31.938 Thread 0x0000015fe0252870 Thread added: 0x0000015fe63d5360
Event: 31.939 Thread 0x0000015fe0252870 Thread added: 0x0000015fe63d9500
Event: 31.939 Thread 0x0000015fe0252870 Thread added: 0x0000015fe63d6710
Event: 31.940 Thread 0x0000015fe0252870 Thread added: 0x0000015fe63da220
Event: 32.983 Thread 0x0000015fe2fae020 Thread exited: 0x0000015fe2fae020
Event: 32.989 Thread 0x0000015fe0197610 Thread exited: 0x0000015fe0197610
Event: 34.054 Thread 0x0000015fda252be0 Thread added: 0x0000015fe5bfcd30
Event: 34.129 Thread 0x0000015fda250140 Thread added: 0x0000015fe6479470
Event: 34.498 Thread 0x0000015fe6479470 Thread exited: 0x0000015fe6479470
Event: 35.222 Thread 0x0000015fe5bfcd30 Thread exited: 0x0000015fe5bfcd30


Dynamic libraries:
0x00007ff7a2a00000 - 0x00007ff7a2a0a000 	E:\Android\jbr\bin\java.exe
0x00007ffc67990000 - 0x00007ffc67b88000 	C:\Windows\SYSTEM32\ntdll.dll
0x00007ffc28890000 - 0x00007ffc288ab000 	C:\Program Files\Avast Software\Avast\aswhook.dll
0x00007ffc67300000 - 0x00007ffc673c2000 	C:\Windows\System32\KERNEL32.DLL
0x00007ffc65020000 - 0x00007ffc65316000 	C:\Windows\System32\KERNELBASE.dll
0x00007ffc656c0000 - 0x00007ffc657c0000 	C:\Windows\System32\ucrtbase.dll
0x00007ffc5d750000 - 0x00007ffc5d768000 	E:\Android\jbr\bin\jli.dll
0x00007ffc36ee0000 - 0x00007ffc36efb000 	E:\Android\jbr\bin\VCRUNTIME140.dll
0x00007ffc677b0000 - 0x00007ffc6794d000 	C:\Windows\System32\USER32.dll
0x00007ffc65690000 - 0x00007ffc656b2000 	C:\Windows\System32\win32u.dll
0x00007ffc676d0000 - 0x00007ffc676fb000 	C:\Windows\System32\GDI32.dll
0x00007ffc4e830000 - 0x00007ffc4eaca000 	C:\Windows\WinSxS\amd64_microsoft.windows.common-controls_6595b64144ccf1df_6.0.19041.4355_none_60b8b9eb71f62e16\COMCTL32.dll
0x00007ffc65570000 - 0x00007ffc6568a000 	C:\Windows\System32\gdi32full.dll
0x00007ffc67430000 - 0x00007ffc674ce000 	C:\Windows\System32\msvcrt.dll
0x00007ffc65420000 - 0x00007ffc654bd000 	C:\Windows\System32\msvcp_win.dll
0x00007ffc672b0000 - 0x00007ffc672df000 	C:\Windows\System32\IMM32.DLL
0x00007ffc5ffc0000 - 0x00007ffc5ffcc000 	E:\Android\jbr\bin\vcruntime140_1.dll
0x00007ffc37980000 - 0x00007ffc37a0d000 	E:\Android\jbr\bin\msvcp140.dll
0x00007ffbb3670000 - 0x00007ffbb42fb000 	E:\Android\jbr\bin\server\jvm.dll
0x00007ffc67700000 - 0x00007ffc677af000 	C:\Windows\System32\ADVAPI32.dll
0x00007ffc66140000 - 0x00007ffc661df000 	C:\Windows\System32\sechost.dll
0x00007ffc66a10000 - 0x00007ffc66b33000 	C:\Windows\System32\RPCRT4.dll
0x00007ffc65370000 - 0x00007ffc65397000 	C:\Windows\System32\bcrypt.dll
0x00007ffc660d0000 - 0x00007ffc6613b000 	C:\Windows\System32\WS2_32.dll
0x00007ffc64520000 - 0x00007ffc6456b000 	C:\Windows\SYSTEM32\POWRPROF.dll
0x00007ffc575f0000 - 0x00007ffc57617000 	C:\Windows\SYSTEM32\WINMM.dll
0x00007ffc5a760000 - 0x00007ffc5a76a000 	C:\Windows\SYSTEM32\VERSION.dll
0x00007ffc64420000 - 0x00007ffc64432000 	C:\Windows\SYSTEM32\UMPDC.dll
0x00007ffc63850000 - 0x00007ffc63862000 	C:\Windows\SYSTEM32\kernel.appcore.dll
0x00007ffc4d390000 - 0x00007ffc4d39a000 	E:\Android\jbr\bin\jimage.dll
0x00007ffc62ba0000 - 0x00007ffc62d84000 	C:\Windows\SYSTEM32\DBGHELP.DLL
0x00007ffc590f0000 - 0x00007ffc59124000 	C:\Windows\SYSTEM32\dbgcore.DLL
0x00007ffc657c0000 - 0x00007ffc65842000 	C:\Windows\System32\bcryptPrimitives.dll
0x00007ffc5ff90000 - 0x00007ffc5ff9e000 	E:\Android\jbr\bin\instrument.dll
0x00007ffc2f2d0000 - 0x00007ffc2f2f0000 	E:\Android\jbr\bin\java.dll
0x00007ffc2c410000 - 0x00007ffc2c428000 	E:\Android\jbr\bin\zip.dll
0x00007ffc66b40000 - 0x00007ffc672af000 	C:\Windows\System32\SHELL32.dll
0x00007ffc62d90000 - 0x00007ffc63533000 	C:\Windows\SYSTEM32\windows.storage.dll
0x00007ffc664b0000 - 0x00007ffc66805000 	C:\Windows\System32\combase.dll
0x00007ffc64970000 - 0x00007ffc6499b000 	C:\Windows\SYSTEM32\Wldp.dll
0x00007ffc674d0000 - 0x00007ffc6759d000 	C:\Windows\System32\OLEAUT32.dll
0x00007ffc662c0000 - 0x00007ffc6636d000 	C:\Windows\System32\SHCORE.dll
0x00007ffc66950000 - 0x00007ffc669a5000 	C:\Windows\System32\shlwapi.dll
0x00007ffc64f50000 - 0x00007ffc64f75000 	C:\Windows\SYSTEM32\profapi.dll
0x00007ffc44ca0000 - 0x00007ffc44cb0000 	E:\Android\jbr\bin\net.dll
0x00007ffc5d0b0000 - 0x00007ffc5d1ba000 	C:\Windows\SYSTEM32\WINHTTP.dll
0x00007ffc64750000 - 0x00007ffc647bc000 	C:\Windows\system32\mswsock.dll
0x00007ffc2ad50000 - 0x00007ffc2ad66000 	E:\Android\jbr\bin\nio.dll
0x00007ffc3cb10000 - 0x00007ffc3cb20000 	E:\Android\jbr\bin\verify.dll
0x00007ffc36b20000 - 0x00007ffc36b47000 	E:\Gradlehome\native\1def1411415f61bf3af743bc5b6707747c0891f09f0c88961ee8f79bc544acac\windows-amd64\native-platform.dll
0x00007ffc262c0000 - 0x00007ffc26338000 	E:\Gradlehome\native\0.2.7\x86_64-windows-gnu\gradle-fileevents.dll
0x00007ffc31580000 - 0x00007ffc31589000 	E:\Android\jbr\bin\management.dll
0x00007ffc2b440000 - 0x00007ffc2b44b000 	E:\Android\jbr\bin\management_ext.dll
0x00007ffc66380000 - 0x00007ffc66388000 	C:\Windows\System32\PSAPI.DLL
0x00007ffc643e0000 - 0x00007ffc6441b000 	C:\Windows\SYSTEM32\IPHLPAPI.DLL
0x00007ffc65c40000 - 0x00007ffc65c48000 	C:\Windows\System32\NSI.dll
0x00007ffc38130000 - 0x00007ffc38139000 	E:\Android\jbr\bin\extnet.dll
0x00007ffc649b0000 - 0x00007ffc649c8000 	C:\Windows\SYSTEM32\CRYPTSP.dll
0x00007ffc64020000 - 0x00007ffc64058000 	C:\Windows\system32\rsaenh.dll
0x00007ffc64ed0000 - 0x00007ffc64efe000 	C:\Windows\SYSTEM32\USERENV.dll
0x00007ffc648e0000 - 0x00007ffc648ec000 	C:\Windows\SYSTEM32\CRYPTBASE.dll
0x00007ffbfe3f0000 - 0x00007ffbfe3f7000 	C:\Windows\system32\wshunix.dll

dbghelp: loaded successfully - version: 4.0.5 - missing functions: none
symbol engine: initialized successfully - sym options: 0x614 - pdb path: .;E:\Android\jbr\bin;C:\Windows\SYSTEM32;C:\Program Files\Avast Software\Avast;C:\Windows\WinSxS\amd64_microsoft.windows.common-controls_6595b64144ccf1df_6.0.19041.4355_none_60b8b9eb71f62e16;E:\Android\jbr\bin\server;E:\Gradlehome\native\1def1411415f61bf3af743bc5b6707747c0891f09f0c88961ee8f79bc544acac\windows-amd64;E:\Gradlehome\native\0.2.7\x86_64-windows-gnu

VM Arguments:
jvm_args: --add-opens=java.base/java.lang=ALL-UNNAMED --add-opens=java.base/java.lang.invoke=ALL-UNNAMED --add-opens=java.base/java.util=ALL-UNNAMED --add-opens=java.prefs/java.util.prefs=ALL-UNNAMED --add-exports=jdk.compiler/com.sun.tools.javac.api=ALL-UNNAMED --add-exports=jdk.compiler/com.sun.tools.javac.util=ALL-UNNAMED --add-opens=java.base/java.util=ALL-UNNAMED --add-opens=java.prefs/java.util.prefs=ALL-UNNAMED --add-opens=java.base/java.nio.charset=ALL-UNNAMED --add-opens=java.base/java.net=ALL-UNNAMED --add-opens=java.base/java.util.concurrent.atomic=ALL-UNNAMED --add-opens=java.xml/javax.xml.namespace=ALL-UNNAMED -Xmx2048m -Dfile.encoding=UTF-8 -Duser.country=US -Duser.language=en -Duser.variant -javaagent:E:\Gradle\gradle-8.13\lib\agents\gradle-instrumentation-agent-8.13.jar 
java_command: org.gradle.launcher.daemon.bootstrap.GradleDaemon 8.13
java_class_path (initial): E:\Gradle\gradle-8.13\lib\gradle-daemon-main-8.13.jar
Launcher Type: SUN_STANDARD

[Global flags]
     intx CICompilerCount                          = 4                                         {product} {ergonomic}
     uint ConcGCThreads                            = 3                                         {product} {ergonomic}
     uint G1ConcRefinementThreads                  = 10                                        {product} {ergonomic}
   size_t G1HeapRegionSize                         = 1048576                                   {product} {ergonomic}
    uintx GCDrainStackTargetSize                   = 64                                        {product} {ergonomic}
   size_t InitialHeapSize                          = 534773760                                 {product} {ergonomic}
   size_t MarkStackSize                            = 4194304                                   {product} {ergonomic}
   size_t MaxHeapSize                              = 2147483648                                {product} {command line}
   size_t MaxNewSize                               = 1287651328                                {product} {ergonomic}
   size_t MinHeapDeltaBytes                        = 1048576                                   {product} {ergonomic}
   size_t MinHeapSize                              = 8388608                                   {product} {ergonomic}
    uintx NonNMethodCodeHeapSize                   = 5839372                                {pd product} {ergonomic}
    uintx NonProfiledCodeHeapSize                  = 122909434                              {pd product} {ergonomic}
    uintx ProfiledCodeHeapSize                     = 122909434                              {pd product} {ergonomic}
    uintx ReservedCodeCacheSize                    = 251658240                              {pd product} {ergonomic}
     bool SegmentedCodeCache                       = true                                      {product} {ergonomic}
   size_t SoftMaxHeapSize                          = 2147483648                             {manageable} {ergonomic}
     bool UseCompressedOops                        = true                           {product lp64_product} {ergonomic}
     bool UseG1GC                                  = true                                      {product} {ergonomic}
     bool UseLargePagesIndividualAllocation        = false                                  {pd product} {ergonomic}

Logging:
Log output configuration:
 #0: stdout all=warning uptime,level,tags foldmultilines=false
 #1: stderr all=off uptime,level,tags foldmultilines=false

Environment Variables:
JAVA_HOME=C:\Users\hp\AppData\Local\Programs\Eclipse Adoptium\jdk-21.0.4.7-hotspot
PATH=C:\Program Files (x86)\Common Files\Oracle\Java\java8path;C:\Program Files (x86)\Common Files\Oracle\Java\javapath;C:\Windows\system32;C:\Windows;C:\Windows\System32\Wbem;C:\Windows\System32\WindowsPowerShell\v1.0\;C:\Windows\System32\OpenSSH\;C:\Program Files\Git\cmd;C:\Users\hp\Downloads\fmg\ffmpeg-master-latest-win64-gpl-shared\bin;C:\Program Files\Tesseract-OCR;C:\Users\hp\AppData\Local\Programs\Eclipse Adoptium\jdk-21.0.4.7-hotspot\bin;E:\Gradle\gradle-8.13\bin;E:\android-kotlin\kotlinc\bin;E:\Sdk\platform-tools;C:\Users\hp\AppData\Local\Flutter\flutter\bin;;C:\Program Files\NVIDIA Corporation\NVIDIA App\NvDLISR;c:\Users\hp\AppData\Local\Programs\cursor\resources\app\bin;C:\Users\hp\AppData\Local\Programs\Python\Python312\Scripts\;C:\Users\hp\AppData\Local\Programs\Python\Python312\;C:\Users\hp\AppData\Local\Microsoft\WindowsApps;C:\Program Files\JetBrains\PyCharm Community Edition 2024.1.4\bin;%IntelliJ IDEA%;C:\Program Files\JetBrains\IntelliJ IDEA Community Edition 2024.2.3\bin;C:\Program Files\Seelen\Seelen UI;C:\Users\hp\AppData\Local\Programs\cursor\resources\app\bin
USERNAME=hp
OS=Windows_NT
PROCESSOR_IDENTIFIER=Intel64 Family 6 Model 158 Stepping 13, GenuineIntel
TMP=C:\Users\hp\AppData\Local\Temp
TEMP=C:\Users\hp\AppData\Local\Temp




Periodic native trim disabled

JNI global refs:
JNI global refs: 27, weak refs: 0

JNI global refs memory usage: 835, weak refs: 833

Process memory usage:
Resident Set Size: 370372K (1% of 33324196K total physical memory with 2716148K free physical memory)

OOME stack traces (most recent first):
Classloader memory used:
Loader org.gradle.internal.classloader.VisitableURLClassLoader                         : 50836K
Loader bootstrap                                                                       : 23417K
Loader org.gradle.initialization.MixInLegacyTypesClassLoader                           : 9658K
Loader jdk.internal.loader.ClassLoaders$PlatformClassLoader                            : 499K
Loader jdk.internal.jrtfs.JrtFileSystemProvider$JrtFsLoader                            : 308K
Loader jdk.internal.loader.ClassLoaders$AppClassLoader                                 : 235K
Loader org.gradle.internal.classloader.VisitableURLClassLoader                         : 215K
Loader jdk.internal.reflect.DelegatingClassLoader                                      : 120K

Classes loaded by more than one classloader:
Class Program                                                                         : loaded 3 times (x 68B)
Class jdk.internal.jimage.BasicImageReader                                            : loaded 2 times (x 91B)
Class org.gradle.internal.classloader.ClassLoaderHierarchy                            : loaded 2 times (x 66B)
Class org.gradle.api.internal.classpath.ManifestUtil                                  : loaded 2 times (x 67B)
Class jdk.internal.jimage.decompressor.StringSharingDecompressorFactory               : loaded 2 times (x 70B)
Class org.gradle.internal.classloader.DefaultClassLoaderFactory                       : loaded 2 times (x 78B)
Class org.gradle.internal.classloader.ClassLoaderVisitor                              : loaded 2 times (x 72B)
Class org.gradle.api.internal.classpath.EffectiveClassPath                            : loaded 2 times (x 86B)
Class org.gradle.api.internal.DefaultClassPathProvider                                : loaded 2 times (x 72B)
Class [Lorg.gradle.api.internal.ClassPathProvider;                                    : loaded 2 times (x 65B)
Class org.gradle.api.internal.ClassPathProvider                                       : loaded 2 times (x 66B)
Class jdk.internal.jrtfs.SystemImage                                                  : loaded 2 times (x 70B)
Class org.gradle.internal.service.UnknownServiceException                             : loaded 2 times (x 79B)
Class org.gradle.internal.classpath.TransformedClassPath                              : loaded 2 times (x 92B)
Class org.gradle.internal.classloader.InstrumentingClassLoader                        : loaded 2 times (x 66B)
Class jdk.internal.jrtfs.SystemImage$1                                                : loaded 2 times (x 74B)
Class jdk.internal.jrtfs.SystemImage$2                                                : loaded 2 times (x 72B)
Class org.gradle.internal.service.ServiceLocator                                      : loaded 2 times (x 66B)
Class jdk.internal.jrtfs.JrtFileSystemProvider                                        : loaded 2 times (x 97B)
Class jdk.internal.jimage.ImageLocation                                               : loaded 2 times (x 86B)
Class jdk.internal.jrtfs.JrtDirectoryStream$1                                         : loaded 2 times (x 79B)
Class org.gradle.internal.InternalTransformer                                         : loaded 2 times (x 66B)
Class jdk.internal.jimage.ImageBufferCache$1                                          : loaded 2 times (x 79B)
Class org.gradle.internal.classloader.ClasspathUtil$1                                 : loaded 2 times (x 72B)
Class jdk.internal.jimage.ImageBufferCache$2                                          : loaded 2 times (x 87B)
Class org.gradle.api.internal.classpath.DefaultModuleRegistry$DefaultModule           : loaded 2 times (x 82B)
Class org.gradle.api.internal.classpath.Module                                        : loaded 2 times (x 66B)
Class org.gradle.api.internal.classpath.UnknownModuleException                        : loaded 2 times (x 78B)
Class jdk.internal.jimage.ImageHeader                                                 : loaded 2 times (x 67B)
Class org.gradle.api.internal.DefaultClassPathRegistry                                : loaded 2 times (x 72B)
Class org.gradle.api.internal.ClassPathRegistry                                       : loaded 2 times (x 66B)
Class org.gradle.internal.classpath.DefaultClassPath$ImmutableUniqueList              : loaded 2 times (x 195B)
Class jdk.internal.jimage.decompressor.ResourceDecompressor                           : loaded 2 times (x 66B)
Class org.gradle.internal.classloader.FilteringClassLoader                            : loaded 2 times (x 101B)
Class Settings_gradle$1                                                               : loaded 2 times (x 70B)
Class org.gradle.internal.classpath.ClassPath                                         : loaded 2 times (x 66B)
Class org.gradle.api.UncheckedIOException                                             : loaded 2 times (x 78B)
Class jdk.internal.jimage.ImageStringsReader                                          : loaded 2 times (x 76B)
Class jdk.internal.jimage.ImageReader                                                 : loaded 2 times (x 71B)
Class jdk.internal.jimage.ImageReader$SharedImageReader                               : loaded 2 times (x 91B)
Class org.gradle.internal.installation.GradleInstallation$1                           : loaded 2 times (x 71B)
Class org.gradle.api.internal.classpath.ModuleRegistry                                : loaded 2 times (x 66B)
Class jdk.internal.jimage.decompressor.ResourceDecompressorFactory                    : loaded 2 times (x 70B)
Class jdk.internal.jimage.ImageReader$Node                                            : loaded 2 times (x 80B)
Class org.gradle.api.internal.classpath.DefaultModuleRegistry                         : loaded 2 times (x 82B)
Class jdk.internal.jimage.BasicImageReader$1                                          : loaded 2 times (x 73B)
Class jdk.internal.jimage.decompressor.Decompressor                                   : loaded 2 times (x 68B)
Class jdk.internal.jimage.ImageReader$Resource                                        : loaded 2 times (x 80B)
Class org.gradle.internal.service.ServiceLookupException                              : loaded 2 times (x 78B)
Class jdk.internal.jrtfs.JrtFileAttributes                                            : loaded 2 times (x 79B)
Class org.gradle.internal.classloader.ClassLoaderFactory                              : loaded 2 times (x 66B)
Class org.gradle.internal.service.CachingServiceLocator                               : loaded 2 times (x 78B)
Class jdk.internal.jimage.ImageBufferCache                                            : loaded 2 times (x 67B)
Class jdk.internal.jrtfs.JrtPath                                                      : loaded 2 times (x 114B)
Class org.gradle.internal.classloader.ClasspathUtil                                   : loaded 2 times (x 67B)
Class org.gradle.api.specs.Spec                                                       : loaded 2 times (x 66B)
Class jdk.internal.jimage.ImageReader$SharedImageReader$LocationVisitor               : loaded 2 times (x 66B)
Class jdk.internal.jimage.decompressor.ResourceDecompressorRepository                 : loaded 2 times (x 67B)
Class jdk.internal.jimage.ImageReader$Directory                                       : loaded 2 times (x 80B)
Class org.gradle.internal.classloader.VisitableURLClassLoader$InstrumentingVisitableURLClassLoader: loaded 2 times (x 119B)
Class org.gradle.internal.classloader.VisitableURLClassLoader$Spec                    : loaded 2 times (x 70B)
Class org.gradle.internal.classpath.DefaultClassPath                                  : loaded 2 times (x 86B)
Class jdk.internal.jimage.decompressor.ZipDecompressorFactory                         : loaded 2 times (x 70B)
Class org.gradle.internal.classloader.ClassLoaderSpec                                 : loaded 2 times (x 67B)
Class Settings_gradle$1$1                                                             : loaded 2 times (x 70B)
Class org.gradle.internal.classloader.VisitableURLClassLoader                         : loaded 2 times (x 113B)
Class Settings_gradle                                                                 : loaded 2 times (x 124B)
Class org.gradle.internal.Cast                                                        : loaded 2 times (x 67B)
Class org.gradle.api.Action                                                           : loaded 2 times (x 66B)
Class jdk.internal.jimage.decompressor.ZipDecompressor                                : loaded 2 times (x 71B)
Class org.gradle.internal.classpath.DefaultClassPath$ImmutableUniqueList$Builder      : loaded 2 times (x 71B)
Class org.gradle.api.GradleException                                                  : loaded 2 times (x 78B)
Class jdk.internal.jimage.ImageStrings                                                : loaded 2 times (x 66B)
Class org.gradle.internal.IoActions                                                   : loaded 2 times (x 67B)
Class org.gradle.internal.classloader.SystemClassLoaderSpec                           : loaded 2 times (x 67B)
Class jdk.internal.jrtfs.JrtFileSystem                                                : loaded 2 times (x 98B)
Class jdk.internal.jimage.decompressor.CompressedResourceHeader                       : loaded 2 times (x 67B)
Class org.gradle.api.internal.classpath.GlobalCacheRootsProvider                      : loaded 2 times (x 66B)
Class org.gradle.internal.installation.CurrentGradleInstallationLocator               : loaded 2 times (x 67B)
Class org.gradle.internal.service.DefaultServiceLocator                               : loaded 2 times (x 79B)
Class jdk.internal.jrtfs.JrtDirectoryStream                                           : loaded 2 times (x 85B)
Class org.gradle.internal.installation.CurrentGradleInstallation                      : loaded 2 times (x 69B)
Class org.gradle.util.internal.GUtil                                                  : loaded 2 times (x 67B)
Class org.gradle.internal.installation.GradleInstallation                             : loaded 2 times (x 71B)
Class jdk.internal.jimage.decompressor.ResourceDecompressor$StringsProvider           : loaded 2 times (x 66B)

---------------  S Y S T E M  ---------------

OS:
 Windows 10 , 64 bit Build 19041 (10.0.19041.5678)
OS uptime: 1 days 10:04 hours
Hyper-V role detected

CPU: total 12 (initial active 12) (6 cores per cpu, 2 threads per core) family 6 model 158 stepping 13 microcode 0xfc, cx8, cmov, fxsr, ht, mmx, 3dnowpref, sse, sse2, sse3, ssse3, sse4.1, sse4.2, popcnt, lzcnt, tsc, tscinvbit, avx, avx2, aes, erms, clmul, bmi1, bmi2, adx, fma, vzeroupper, clflush, clflushopt, hv, rdtscp, f16c
Processor Information for the first 12 processors :
  Max Mhz: 2592, Current Mhz: 2592, Mhz Limit: 2592

Memory: 4k page, system-wide physical 32543M (2652M free)
TotalPageFile size 32543M (AvailPageFile size 7M)
current process WorkingSet (physical memory assigned to process): 361M, peak: 386M
current process commit charge ("private bytes"): 417M, peak: 646M

vm_info: OpenJDK 64-Bit Server VM (21.0.6+-13368085-b895.109) for windows-amd64 JRE (21.0.6+-13368085-b895.109), built on 2025-04-16T17:01:31Z by "builder" with MS VC++ 16.10 / 16.11 (VS2019)

END.
